[ INFO ] - org.hibernate.jpa.internal.util.LogHelper:31 - HHH000204: Processing PersistenceUnitInfo [name: via]
[ INFO ] - org.hibernate.Version:44 - HHH000412: Hibernate ORM core version 5.6.7.Final
[ INFO ] - org.hibernate.annotations.common.Version:56 - HCANN000001: Hibernate Commons Annotations {5.1.2.Final}
[ WARN ] - org.hibernate.orm.connections.pooling:72 - HHH10001002: Using Hibernate built-in connection pool (not for production use!)
[ INFO ] - org.hibernate.orm.connections.pooling:115 - HHH10001005: using driver [com.mysql.cj.jdbc.Driver] at URL [jdbc:mysql://localhost:3306/webapp?createDatabaseIfNotExist=true]
[ INFO ] - org.hibernate.orm.connections.pooling:124 - HHH10001001: Connection properties: {password=****, user=root}
[ INFO ] - org.hibernate.orm.connections.pooling:129 - HHH10001003: Autocommit mode: false
[ INFO ] - org.hibernate.orm.connections.pooling:134 - HHH10001007: JDBC isolation level: READ_COMMITTED
[ INFO ] - org.hibernate.engine.jdbc.connections.internal.DriverManagerConnectionProviderImpl:274 - HHH000115: Hibernate connection pool size: 10 (min=1)
[ INFO ] - org.hibernate.dialect.Dialect:175 - HHH000400: Using dialect: org.hibernate.dialect.MySQL8Dialect
[ INFO ] - org.hibernate.orm.connections.access:48 - HHH10001501: Connection obtained from JdbcConnectionAccess [org.hibernate.engine.jdbc.env.internal.JdbcEnvironmentInitiator$ConnectionProviderJdbcConnectionAccess@4aa11206] for (non-JTA) DDL execution was not in auto-commit mode; the Connection 'local transaction' will be committed and the Connection will be set into auto-commit mode.
[ INFO ] - org.hibernate.engine.transaction.jta.platform.internal.JtaPlatformInitiator:52 - HHH000490: Using JtaPlatform implementation: [org.hibernate.engine.transaction.jta.platform.internal.NoJtaPlatform]
[ INFO ] - org.hibernate.jpa.internal.util.LogHelper:31 - HHH000204: Processing PersistenceUnitInfo [name: via]
[ INFO ] - org.hibernate.Version:44 - HHH000412: Hibernate ORM core version 5.6.7.Final
[ INFO ] - org.hibernate.annotations.common.Version:56 - HCANN000001: Hibernate Commons Annotations {5.1.2.Final}
[ WARN ] - org.hibernate.orm.connections.pooling:72 - HHH10001002: Using Hibernate built-in connection pool (not for production use!)
[ INFO ] - org.hibernate.orm.connections.pooling:115 - HHH10001005: using driver [com.mysql.cj.jdbc.Driver] at URL [jdbc:mysql://localhost:3306/webapp?createDatabaseIfNotExist=true]
[ INFO ] - org.hibernate.orm.connections.pooling:124 - HHH10001001: Connection properties: {password=****, user=root}
[ INFO ] - org.hibernate.orm.connections.pooling:129 - HHH10001003: Autocommit mode: false
[ INFO ] - org.hibernate.orm.connections.pooling:134 - HHH10001007: JDBC isolation level: READ_COMMITTED
[ INFO ] - org.hibernate.engine.jdbc.connections.internal.DriverManagerConnectionProviderImpl:274 - HHH000115: Hibernate connection pool size: 10 (min=1)
[ INFO ] - org.hibernate.dialect.Dialect:175 - HHH000400: Using dialect: org.hibernate.dialect.MySQL8Dialect
[ INFO ] - org.hibernate.orm.connections.access:48 - HHH10001501: Connection obtained from JdbcConnectionAccess [org.hibernate.engine.jdbc.env.internal.JdbcEnvironmentInitiator$ConnectionProviderJdbcConnectionAccess@6d2a2560] for (non-JTA) DDL execution was not in auto-commit mode; the Connection 'local transaction' will be committed and the Connection will be set into auto-commit mode.
[ INFO ] - org.hibernate.engine.transaction.jta.platform.internal.JtaPlatformInitiator:52 - HHH000490: Using JtaPlatform implementation: [org.hibernate.engine.transaction.jta.platform.internal.NoJtaPlatform]
[ INFO ] - org.hibernate.jpa.internal.util.LogHelper:31 - HHH000204: Processing PersistenceUnitInfo [name: via]
[ INFO ] - org.hibernate.Version:44 - HHH000412: Hibernate ORM core version 5.6.7.Final
[ INFO ] - org.hibernate.annotations.common.Version:56 - HCANN000001: Hibernate Commons Annotations {5.1.2.Final}
[ WARN ] - org.hibernate.orm.connections.pooling:72 - HHH10001002: Using Hibernate built-in connection pool (not for production use!)
[ INFO ] - org.hibernate.orm.connections.pooling:115 - HHH10001005: using driver [com.mysql.cj.jdbc.Driver] at URL [jdbc:mysql://localhost:3306/webapp?createDatabaseIfNotExist=true]
[ INFO ] - org.hibernate.orm.connections.pooling:124 - HHH10001001: Connection properties: {password=****, user=root}
[ INFO ] - org.hibernate.orm.connections.pooling:129 - HHH10001003: Autocommit mode: false
[ INFO ] - org.hibernate.orm.connections.pooling:134 - HHH10001007: JDBC isolation level: READ_COMMITTED
[ INFO ] - org.hibernate.engine.jdbc.connections.internal.DriverManagerConnectionProviderImpl:274 - HHH000115: Hibernate connection pool size: 10 (min=1)
[ INFO ] - org.hibernate.dialect.Dialect:175 - HHH000400: Using dialect: org.hibernate.dialect.MySQL8Dialect
[ INFO ] - org.hibernate.orm.connections.access:48 - HHH10001501: Connection obtained from JdbcConnectionAccess [org.hibernate.engine.jdbc.env.internal.JdbcEnvironmentInitiator$ConnectionProviderJdbcConnectionAccess@6d2a2560] for (non-JTA) DDL execution was not in auto-commit mode; the Connection 'local transaction' will be committed and the Connection will be set into auto-commit mode.
[ INFO ] - org.hibernate.engine.transaction.jta.platform.internal.JtaPlatformInitiator:52 - HHH000490: Using JtaPlatform implementation: [org.hibernate.engine.transaction.jta.platform.internal.NoJtaPlatform]
[ INFO ] - org.hibernate.jpa.internal.util.LogHelper:31 - HHH000204: Processing PersistenceUnitInfo [name: via]
[ INFO ] - org.hibernate.Version:44 - HHH000412: Hibernate ORM core version 5.6.7.Final
[ INFO ] - org.hibernate.annotations.common.Version:56 - HCANN000001: Hibernate Commons Annotations {5.1.2.Final}
[ WARN ] - org.hibernate.orm.connections.pooling:72 - HHH10001002: Using Hibernate built-in connection pool (not for production use!)
[ INFO ] - org.hibernate.orm.connections.pooling:115 - HHH10001005: using driver [com.mysql.cj.jdbc.Driver] at URL [jdbc:mysql://localhost:3306/webapp?createDatabaseIfNotExist=true]
[ INFO ] - org.hibernate.orm.connections.pooling:124 - HHH10001001: Connection properties: {password=****, user=root}
[ INFO ] - org.hibernate.orm.connections.pooling:129 - HHH10001003: Autocommit mode: false
[ INFO ] - org.hibernate.orm.connections.pooling:134 - HHH10001007: JDBC isolation level: READ_COMMITTED
[ INFO ] - org.hibernate.engine.jdbc.connections.internal.DriverManagerConnectionProviderImpl:274 - HHH000115: Hibernate connection pool size: 10 (min=1)
[ INFO ] - org.hibernate.dialect.Dialect:175 - HHH000400: Using dialect: org.hibernate.dialect.MySQL8Dialect
[ INFO ] - org.hibernate.orm.connections.access:48 - HHH10001501: Connection obtained from JdbcConnectionAccess [org.hibernate.engine.jdbc.env.internal.JdbcEnvironmentInitiator$ConnectionProviderJdbcConnectionAccess@6d2a2560] for (non-JTA) DDL execution was not in auto-commit mode; the Connection 'local transaction' will be committed and the Connection will be set into auto-commit mode.
[ INFO ] - org.hibernate.engine.transaction.jta.platform.internal.JtaPlatformInitiator:52 - HHH000490: Using JtaPlatform implementation: [org.hibernate.engine.transaction.jta.platform.internal.NoJtaPlatform]
[ INFO ] - org.hibernate.jpa.internal.util.LogHelper:31 - HHH000204: Processing PersistenceUnitInfo [name: via]
[ INFO ] - org.hibernate.Version:44 - HHH000412: Hibernate ORM core version 5.6.7.Final
[ INFO ] - org.hibernate.annotations.common.Version:56 - HCANN000001: Hibernate Commons Annotations {5.1.2.Final}
[ WARN ] - org.hibernate.orm.connections.pooling:72 - HHH10001002: Using Hibernate built-in connection pool (not for production use!)
[ INFO ] - org.hibernate.orm.connections.pooling:115 - HHH10001005: using driver [com.mysql.cj.jdbc.Driver] at URL [jdbc:mysql://localhost:3306/webapp?createDatabaseIfNotExist=true]
[ INFO ] - org.hibernate.orm.connections.pooling:124 - HHH10001001: Connection properties: {password=****, user=root}
[ INFO ] - org.hibernate.orm.connections.pooling:129 - HHH10001003: Autocommit mode: false
[ INFO ] - org.hibernate.orm.connections.pooling:134 - HHH10001007: JDBC isolation level: READ_COMMITTED
[ INFO ] - org.hibernate.engine.jdbc.connections.internal.DriverManagerConnectionProviderImpl:274 - HHH000115: Hibernate connection pool size: 10 (min=1)
[ INFO ] - org.hibernate.dialect.Dialect:175 - HHH000400: Using dialect: org.hibernate.dialect.MySQL8Dialect
[ INFO ] - org.hibernate.orm.connections.access:48 - HHH10001501: Connection obtained from JdbcConnectionAccess [org.hibernate.engine.jdbc.env.internal.JdbcEnvironmentInitiator$ConnectionProviderJdbcConnectionAccess@62d1dc3c] for (non-JTA) DDL execution was not in auto-commit mode; the Connection 'local transaction' will be committed and the Connection will be set into auto-commit mode.
[ INFO ] - org.hibernate.engine.transaction.jta.platform.internal.JtaPlatformInitiator:52 - HHH000490: Using JtaPlatform implementation: [org.hibernate.engine.transaction.jta.platform.internal.NoJtaPlatform]
[ INFO ] - org.hibernate.jpa.internal.util.LogHelper:31 - HHH000204: Processing PersistenceUnitInfo [name: via]
[ INFO ] - org.hibernate.Version:44 - HHH000412: Hibernate ORM core version 5.6.7.Final
[ INFO ] - org.hibernate.annotations.common.Version:56 - HCANN000001: Hibernate Commons Annotations {5.1.2.Final}
[ WARN ] - org.hibernate.orm.connections.pooling:72 - HHH10001002: Using Hibernate built-in connection pool (not for production use!)
[ INFO ] - org.hibernate.orm.connections.pooling:115 - HHH10001005: using driver [com.mysql.cj.jdbc.Driver] at URL [jdbc:mysql://localhost:3306/webapp?createDatabaseIfNotExist=true]
[ INFO ] - org.hibernate.orm.connections.pooling:124 - HHH10001001: Connection properties: {password=****, user=root}
[ INFO ] - org.hibernate.orm.connections.pooling:129 - HHH10001003: Autocommit mode: false
[ INFO ] - org.hibernate.orm.connections.pooling:134 - HHH10001007: JDBC isolation level: READ_COMMITTED
[ INFO ] - org.hibernate.engine.jdbc.connections.internal.DriverManagerConnectionProviderImpl:274 - HHH000115: Hibernate connection pool size: 10 (min=1)
[ INFO ] - org.hibernate.dialect.Dialect:175 - HHH000400: Using dialect: org.hibernate.dialect.MySQL8Dialect
[ INFO ] - org.hibernate.orm.connections.access:48 - HHH10001501: Connection obtained from JdbcConnectionAccess [org.hibernate.engine.jdbc.env.internal.JdbcEnvironmentInitiator$ConnectionProviderJdbcConnectionAccess@3811510] for (non-JTA) DDL execution was not in auto-commit mode; the Connection 'local transaction' will be committed and the Connection will be set into auto-commit mode.
[ INFO ] - org.hibernate.engine.transaction.jta.platform.internal.JtaPlatformInitiator:52 - HHH000490: Using JtaPlatform implementation: [org.hibernate.engine.transaction.jta.platform.internal.NoJtaPlatform]
[ INFO ] - org.hibernate.jpa.internal.util.LogHelper:31 - HHH000204: Processing PersistenceUnitInfo [name: via]
[ INFO ] - org.hibernate.Version:44 - HHH000412: Hibernate ORM core version 5.6.7.Final
[ INFO ] - org.hibernate.annotations.common.Version:56 - HCANN000001: Hibernate Commons Annotations {5.1.2.Final}
[ WARN ] - org.hibernate.orm.connections.pooling:72 - HHH10001002: Using Hibernate built-in connection pool (not for production use!)
[ INFO ] - org.hibernate.orm.connections.pooling:115 - HHH10001005: using driver [com.mysql.cj.jdbc.Driver] at URL [jdbc:mysql://localhost:3306/webapp?createDatabaseIfNotExist=true]
[ INFO ] - org.hibernate.orm.connections.pooling:124 - HHH10001001: Connection properties: {password=****, user=root}
[ INFO ] - org.hibernate.orm.connections.pooling:129 - HHH10001003: Autocommit mode: false
[ INFO ] - org.hibernate.orm.connections.pooling:134 - HHH10001007: JDBC isolation level: READ_COMMITTED
[ INFO ] - org.hibernate.engine.jdbc.connections.internal.DriverManagerConnectionProviderImpl:274 - HHH000115: Hibernate connection pool size: 10 (min=1)
[ INFO ] - org.hibernate.dialect.Dialect:175 - HHH000400: Using dialect: org.hibernate.dialect.MySQL8Dialect
[ INFO ] - org.hibernate.orm.connections.access:48 - HHH10001501: Connection obtained from JdbcConnectionAccess [org.hibernate.engine.jdbc.env.internal.JdbcEnvironmentInitiator$ConnectionProviderJdbcConnectionAccess@6d2a2560] for (non-JTA) DDL execution was not in auto-commit mode; the Connection 'local transaction' will be committed and the Connection will be set into auto-commit mode.
[ INFO ] - org.hibernate.engine.transaction.jta.platform.internal.JtaPlatformInitiator:52 - HHH000490: Using JtaPlatform implementation: [org.hibernate.engine.transaction.jta.platform.internal.NoJtaPlatform]
[ INFO ] - org.hibernate.jpa.internal.util.LogHelper:31 - HHH000204: Processing PersistenceUnitInfo [name: via]
[ INFO ] - org.hibernate.Version:44 - HHH000412: Hibernate ORM core version 5.6.7.Final
[ INFO ] - org.hibernate.annotations.common.Version:56 - HCANN000001: Hibernate Commons Annotations {5.1.2.Final}
[ WARN ] - org.hibernate.orm.connections.pooling:72 - HHH10001002: Using Hibernate built-in connection pool (not for production use!)
[ INFO ] - org.hibernate.orm.connections.pooling:115 - HHH10001005: using driver [com.mysql.cj.jdbc.Driver] at URL [jdbc:mysql://localhost:3306/webapp?createDatabaseIfNotExist=true]
[ INFO ] - org.hibernate.orm.connections.pooling:124 - HHH10001001: Connection properties: {password=****, user=root}
[ INFO ] - org.hibernate.orm.connections.pooling:129 - HHH10001003: Autocommit mode: false
[ INFO ] - org.hibernate.orm.connections.pooling:134 - HHH10001007: JDBC isolation level: READ_COMMITTED
[ INFO ] - org.hibernate.engine.jdbc.connections.internal.DriverManagerConnectionProviderImpl:274 - HHH000115: Hibernate connection pool size: 10 (min=1)
[ INFO ] - org.hibernate.dialect.Dialect:175 - HHH000400: Using dialect: org.hibernate.dialect.MySQL8Dialect
[ INFO ] - org.hibernate.orm.connections.access:48 - HHH10001501: Connection obtained from JdbcConnectionAccess [org.hibernate.engine.jdbc.env.internal.JdbcEnvironmentInitiator$ConnectionProviderJdbcConnectionAccess@101a461c] for (non-JTA) DDL execution was not in auto-commit mode; the Connection 'local transaction' will be committed and the Connection will be set into auto-commit mode.
[ INFO ] - org.hibernate.engine.transaction.jta.platform.internal.JtaPlatformInitiator:52 - HHH000490: Using JtaPlatform implementation: [org.hibernate.engine.transaction.jta.platform.internal.NoJtaPlatform]
[ INFO ] - org.hibernate.jpa.internal.util.LogHelper:31 - HHH000204: Processing PersistenceUnitInfo [name: via]
[ INFO ] - org.hibernate.Version:44 - HHH000412: Hibernate ORM core version 5.6.7.Final
[ INFO ] - org.hibernate.annotations.common.Version:56 - HCANN000001: Hibernate Commons Annotations {5.1.2.Final}
[ WARN ] - org.hibernate.orm.connections.pooling:72 - HHH10001002: Using Hibernate built-in connection pool (not for production use!)
[ INFO ] - org.hibernate.orm.connections.pooling:115 - HHH10001005: using driver [com.mysql.cj.jdbc.Driver] at URL [jdbc:mysql://localhost:3306/webapp?createDatabaseIfNotExist=true]
[ INFO ] - org.hibernate.orm.connections.pooling:124 - HHH10001001: Connection properties: {password=****, user=root}
[ INFO ] - org.hibernate.orm.connections.pooling:129 - HHH10001003: Autocommit mode: false
[ INFO ] - org.hibernate.orm.connections.pooling:134 - HHH10001007: JDBC isolation level: READ_COMMITTED
[ INFO ] - org.hibernate.engine.jdbc.connections.internal.DriverManagerConnectionProviderImpl:274 - HHH000115: Hibernate connection pool size: 10 (min=1)
[ INFO ] - org.hibernate.dialect.Dialect:175 - HHH000400: Using dialect: org.hibernate.dialect.MySQL8Dialect
[ INFO ] - org.hibernate.orm.connections.access:48 - HHH10001501: Connection obtained from JdbcConnectionAccess [org.hibernate.engine.jdbc.env.internal.JdbcEnvironmentInitiator$ConnectionProviderJdbcConnectionAccess@101a461c] for (non-JTA) DDL execution was not in auto-commit mode; the Connection 'local transaction' will be committed and the Connection will be set into auto-commit mode.
[ INFO ] - org.hibernate.engine.transaction.jta.platform.internal.JtaPlatformInitiator:52 - HHH000490: Using JtaPlatform implementation: [org.hibernate.engine.transaction.jta.platform.internal.NoJtaPlatform]
[ INFO ] - org.hibernate.jpa.internal.util.LogHelper:31 - HHH000204: Processing PersistenceUnitInfo [name: via]
[ INFO ] - org.hibernate.Version:44 - HHH000412: Hibernate ORM core version 5.6.7.Final
[ INFO ] - org.hibernate.annotations.common.Version:56 - HCANN000001: Hibernate Commons Annotations {5.1.2.Final}
[ WARN ] - org.hibernate.orm.connections.pooling:72 - HHH10001002: Using Hibernate built-in connection pool (not for production use!)
[ INFO ] - org.hibernate.orm.connections.pooling:115 - HHH10001005: using driver [com.mysql.cj.jdbc.Driver] at URL [jdbc:mysql://localhost:3306/webapp?createDatabaseIfNotExist=true]
[ INFO ] - org.hibernate.orm.connections.pooling:124 - HHH10001001: Connection properties: {password=****, user=root}
[ INFO ] - org.hibernate.orm.connections.pooling:129 - HHH10001003: Autocommit mode: false
[ INFO ] - org.hibernate.orm.connections.pooling:134 - HHH10001007: JDBC isolation level: READ_COMMITTED
[ INFO ] - org.hibernate.engine.jdbc.connections.internal.DriverManagerConnectionProviderImpl:274 - HHH000115: Hibernate connection pool size: 10 (min=1)
[ INFO ] - org.hibernate.dialect.Dialect:175 - HHH000400: Using dialect: org.hibernate.dialect.MySQL8Dialect
[ INFO ] - org.hibernate.orm.connections.access:48 - HHH10001501: Connection obtained from JdbcConnectionAccess [org.hibernate.engine.jdbc.env.internal.JdbcEnvironmentInitiator$ConnectionProviderJdbcConnectionAccess@47e51549] for (non-JTA) DDL execution was not in auto-commit mode; the Connection 'local transaction' will be committed and the Connection will be set into auto-commit mode.
[ INFO ] - org.hibernate.engine.transaction.jta.platform.internal.JtaPlatformInitiator:52 - HHH000490: Using JtaPlatform implementation: [org.hibernate.engine.transaction.jta.platform.internal.NoJtaPlatform]
[ INFO ] - org.hibernate.jpa.internal.util.LogHelper:31 - HHH000204: Processing PersistenceUnitInfo [name: via]
[ INFO ] - org.hibernate.Version:44 - HHH000412: Hibernate ORM core version 5.6.7.Final
[ INFO ] - org.hibernate.annotations.common.Version:56 - HCANN000001: Hibernate Commons Annotations {5.1.2.Final}
[ WARN ] - org.hibernate.orm.connections.pooling:72 - HHH10001002: Using Hibernate built-in connection pool (not for production use!)
[ INFO ] - org.hibernate.orm.connections.pooling:115 - HHH10001005: using driver [com.mysql.cj.jdbc.Driver] at URL [jdbc:mysql://localhost:3306/webapp?createDatabaseIfNotExist=true]
[ INFO ] - org.hibernate.orm.connections.pooling:124 - HHH10001001: Connection properties: {password=****, user=root}
[ INFO ] - org.hibernate.orm.connections.pooling:129 - HHH10001003: Autocommit mode: false
[ INFO ] - org.hibernate.orm.connections.pooling:134 - HHH10001007: JDBC isolation level: READ_COMMITTED
[ INFO ] - org.hibernate.engine.jdbc.connections.internal.DriverManagerConnectionProviderImpl:274 - HHH000115: Hibernate connection pool size: 10 (min=1)
[ INFO ] - org.hibernate.dialect.Dialect:175 - HHH000400: Using dialect: org.hibernate.dialect.MySQL8Dialect
[ INFO ] - org.hibernate.orm.connections.access:48 - HHH10001501: Connection obtained from JdbcConnectionAccess [org.hibernate.engine.jdbc.env.internal.JdbcEnvironmentInitiator$ConnectionProviderJdbcConnectionAccess@46383a78] for (non-JTA) DDL execution was not in auto-commit mode; the Connection 'local transaction' will be committed and the Connection will be set into auto-commit mode.
[ INFO ] - org.hibernate.orm.connections.pooling:502 - HHH10001008: Cleaning up connection pool [jdbc:mysql://localhost:3306/webapp?createDatabaseIfNotExist=true]
[ INFO ] - org.hibernate.jpa.internal.util.LogHelper:31 - HHH000204: Processing PersistenceUnitInfo [name: via]
[ INFO ] - org.hibernate.Version:44 - HHH000412: Hibernate ORM core version 5.6.7.Final
[ INFO ] - org.hibernate.annotations.common.Version:56 - HCANN000001: Hibernate Commons Annotations {5.1.2.Final}
[ WARN ] - org.hibernate.orm.connections.pooling:72 - HHH10001002: Using Hibernate built-in connection pool (not for production use!)
[ INFO ] - org.hibernate.orm.connections.pooling:115 - HHH10001005: using driver [com.mysql.cj.jdbc.Driver] at URL [jdbc:mysql://localhost:3306/webapp?createDatabaseIfNotExist=true]
[ INFO ] - org.hibernate.orm.connections.pooling:124 - HHH10001001: Connection properties: {password=****, user=root}
[ INFO ] - org.hibernate.orm.connections.pooling:129 - HHH10001003: Autocommit mode: false
[ INFO ] - org.hibernate.orm.connections.pooling:134 - HHH10001007: JDBC isolation level: READ_COMMITTED
[ INFO ] - org.hibernate.engine.jdbc.connections.internal.DriverManagerConnectionProviderImpl:274 - HHH000115: Hibernate connection pool size: 10 (min=1)
[ INFO ] - org.hibernate.dialect.Dialect:175 - HHH000400: Using dialect: org.hibernate.dialect.MySQL8Dialect
[ INFO ] - org.hibernate.orm.connections.access:48 - HHH10001501: Connection obtained from JdbcConnectionAccess [org.hibernate.engine.jdbc.env.internal.JdbcEnvironmentInitiator$ConnectionProviderJdbcConnectionAccess@46383a78] for (non-JTA) DDL execution was not in auto-commit mode; the Connection 'local transaction' will be committed and the Connection will be set into auto-commit mode.
[ INFO ] - org.hibernate.orm.connections.pooling:502 - HHH10001008: Cleaning up connection pool [jdbc:mysql://localhost:3306/webapp?createDatabaseIfNotExist=true]
[ INFO ] - org.hibernate.jpa.internal.util.LogHelper:31 - HHH000204: Processing PersistenceUnitInfo [name: via]
[ INFO ] - org.hibernate.Version:44 - HHH000412: Hibernate ORM core version 5.6.7.Final
[ INFO ] - org.hibernate.annotations.common.Version:56 - HCANN000001: Hibernate Commons Annotations {5.1.2.Final}
[ WARN ] - org.hibernate.orm.connections.pooling:72 - HHH10001002: Using Hibernate built-in connection pool (not for production use!)
[ INFO ] - org.hibernate.orm.connections.pooling:115 - HHH10001005: using driver [com.mysql.cj.jdbc.Driver] at URL [jdbc:mysql://localhost:3306/webapp?createDatabaseIfNotExist=true]
[ INFO ] - org.hibernate.orm.connections.pooling:124 - HHH10001001: Connection properties: {password=****, user=root}
[ INFO ] - org.hibernate.orm.connections.pooling:129 - HHH10001003: Autocommit mode: false
[ INFO ] - org.hibernate.orm.connections.pooling:134 - HHH10001007: JDBC isolation level: READ_COMMITTED
[ INFO ] - org.hibernate.engine.jdbc.connections.internal.DriverManagerConnectionProviderImpl:274 - HHH000115: Hibernate connection pool size: 10 (min=1)
[ INFO ] - org.hibernate.dialect.Dialect:175 - HHH000400: Using dialect: org.hibernate.dialect.MySQL8Dialect
[ INFO ] - org.hibernate.orm.connections.access:48 - HHH10001501: Connection obtained from JdbcConnectionAccess [org.hibernate.engine.jdbc.env.internal.JdbcEnvironmentInitiator$ConnectionProviderJdbcConnectionAccess@46383a78] for (non-JTA) DDL execution was not in auto-commit mode; the Connection 'local transaction' will be committed and the Connection will be set into auto-commit mode.
[ INFO ] - org.hibernate.orm.connections.pooling:502 - HHH10001008: Cleaning up connection pool [jdbc:mysql://localhost:3306/webapp?createDatabaseIfNotExist=true]
[ INFO ] - org.hibernate.jpa.internal.util.LogHelper:31 - HHH000204: Processing PersistenceUnitInfo [name: via]
[ INFO ] - org.hibernate.Version:44 - HHH000412: Hibernate ORM core version 5.6.7.Final
[ INFO ] - org.hibernate.annotations.common.Version:56 - HCANN000001: Hibernate Commons Annotations {5.1.2.Final}
[ WARN ] - org.hibernate.orm.connections.pooling:72 - HHH10001002: Using Hibernate built-in connection pool (not for production use!)
[ INFO ] - org.hibernate.orm.connections.pooling:115 - HHH10001005: using driver [com.mysql.cj.jdbc.Driver] at URL [jdbc:mysql://localhost:3306/webapp?createDatabaseIfNotExist=true]
[ INFO ] - org.hibernate.orm.connections.pooling:124 - HHH10001001: Connection properties: {password=****, user=root}
[ INFO ] - org.hibernate.orm.connections.pooling:129 - HHH10001003: Autocommit mode: false
[ INFO ] - org.hibernate.orm.connections.pooling:134 - HHH10001007: JDBC isolation level: READ_COMMITTED
[ INFO ] - org.hibernate.engine.jdbc.connections.internal.DriverManagerConnectionProviderImpl:274 - HHH000115: Hibernate connection pool size: 10 (min=1)
[ INFO ] - org.hibernate.dialect.Dialect:175 - HHH000400: Using dialect: org.hibernate.dialect.MySQL8Dialect
[ INFO ] - org.hibernate.orm.connections.access:48 - HHH10001501: Connection obtained from JdbcConnectionAccess [org.hibernate.engine.jdbc.env.internal.JdbcEnvironmentInitiator$ConnectionProviderJdbcConnectionAccess@46383a78] for (non-JTA) DDL execution was not in auto-commit mode; the Connection 'local transaction' will be committed and the Connection will be set into auto-commit mode.
[ INFO ] - org.hibernate.orm.connections.pooling:502 - HHH10001008: Cleaning up connection pool [jdbc:mysql://localhost:3306/webapp?createDatabaseIfNotExist=true]
[ INFO ] - org.hibernate.jpa.internal.util.LogHelper:31 - HHH000204: Processing PersistenceUnitInfo [name: via]
[ INFO ] - org.hibernate.Version:44 - HHH000412: Hibernate ORM core version 5.6.7.Final
[ INFO ] - org.hibernate.annotations.common.Version:56 - HCANN000001: Hibernate Commons Annotations {5.1.2.Final}
[ WARN ] - org.hibernate.orm.connections.pooling:72 - HHH10001002: Using Hibernate built-in connection pool (not for production use!)
[ INFO ] - org.hibernate.orm.connections.pooling:115 - HHH10001005: using driver [com.mysql.cj.jdbc.Driver] at URL [jdbc:mysql://localhost:3306/webapp?createDatabaseIfNotExist=true]
[ INFO ] - org.hibernate.orm.connections.pooling:124 - HHH10001001: Connection properties: {password=****, user=root}
[ INFO ] - org.hibernate.orm.connections.pooling:129 - HHH10001003: Autocommit mode: false
[ INFO ] - org.hibernate.orm.connections.pooling:134 - HHH10001007: JDBC isolation level: READ_COMMITTED
[ INFO ] - org.hibernate.engine.jdbc.connections.internal.DriverManagerConnectionProviderImpl:274 - HHH000115: Hibernate connection pool size: 10 (min=1)
[ INFO ] - org.hibernate.dialect.Dialect:175 - HHH000400: Using dialect: org.hibernate.dialect.MySQL8Dialect
[ INFO ] - org.hibernate.orm.connections.access:48 - HHH10001501: Connection obtained from JdbcConnectionAccess [org.hibernate.engine.jdbc.env.internal.JdbcEnvironmentInitiator$ConnectionProviderJdbcConnectionAccess@46383a78] for (non-JTA) DDL execution was not in auto-commit mode; the Connection 'local transaction' will be committed and the Connection will be set into auto-commit mode.
[ INFO ] - org.hibernate.engine.transaction.jta.platform.internal.JtaPlatformInitiator:52 - HHH000490: Using JtaPlatform implementation: [org.hibernate.engine.transaction.jta.platform.internal.NoJtaPlatform]
[ INFO ] - org.hibernate.jpa.internal.util.LogHelper:31 - HHH000204: Processing PersistenceUnitInfo [name: via]
[ INFO ] - org.hibernate.Version:44 - HHH000412: Hibernate ORM core version 5.6.7.Final
[ INFO ] - org.hibernate.annotations.common.Version:56 - HCANN000001: Hibernate Commons Annotations {5.1.2.Final}
[ WARN ] - org.hibernate.orm.connections.pooling:72 - HHH10001002: Using Hibernate built-in connection pool (not for production use!)
[ INFO ] - org.hibernate.orm.connections.pooling:115 - HHH10001005: using driver [com.mysql.cj.jdbc.Driver] at URL [jdbc:mysql://localhost:3306/webapp?createDatabaseIfNotExist=true]
[ INFO ] - org.hibernate.orm.connections.pooling:124 - HHH10001001: Connection properties: {password=****, user=root}
[ INFO ] - org.hibernate.orm.connections.pooling:129 - HHH10001003: Autocommit mode: false
[ INFO ] - org.hibernate.orm.connections.pooling:134 - HHH10001007: JDBC isolation level: READ_COMMITTED
[ INFO ] - org.hibernate.engine.jdbc.connections.internal.DriverManagerConnectionProviderImpl:274 - HHH000115: Hibernate connection pool size: 10 (min=1)
[ INFO ] - org.hibernate.dialect.Dialect:175 - HHH000400: Using dialect: org.hibernate.dialect.MySQL8Dialect
[ INFO ] - org.hibernate.orm.connections.access:48 - HHH10001501: Connection obtained from JdbcConnectionAccess [org.hibernate.engine.jdbc.env.internal.JdbcEnvironmentInitiator$ConnectionProviderJdbcConnectionAccess@46383a78] for (non-JTA) DDL execution was not in auto-commit mode; the Connection 'local transaction' will be committed and the Connection will be set into auto-commit mode.
[ INFO ] - org.hibernate.engine.transaction.jta.platform.internal.JtaPlatformInitiator:52 - HHH000490: Using JtaPlatform implementation: [org.hibernate.engine.transaction.jta.platform.internal.NoJtaPlatform]
[ INFO ] - org.hibernate.jpa.internal.util.LogHelper:31 - HHH000204: Processing PersistenceUnitInfo [name: via]
[ INFO ] - org.hibernate.Version:44 - HHH000412: Hibernate ORM core version 5.6.7.Final
[ INFO ] - org.hibernate.annotations.common.Version:56 - HCANN000001: Hibernate Commons Annotations {5.1.2.Final}
[ WARN ] - org.hibernate.orm.connections.pooling:72 - HHH10001002: Using Hibernate built-in connection pool (not for production use!)
[ INFO ] - org.hibernate.orm.connections.pooling:115 - HHH10001005: using driver [com.mysql.cj.jdbc.Driver] at URL [jdbc:mysql://localhost:3306/webapp?createDatabaseIfNotExist=true]
[ INFO ] - org.hibernate.orm.connections.pooling:124 - HHH10001001: Connection properties: {password=****, user=root}
[ INFO ] - org.hibernate.orm.connections.pooling:129 - HHH10001003: Autocommit mode: false
[ INFO ] - org.hibernate.orm.connections.pooling:134 - HHH10001007: JDBC isolation level: READ_COMMITTED
[ INFO ] - org.hibernate.engine.jdbc.connections.internal.DriverManagerConnectionProviderImpl:274 - HHH000115: Hibernate connection pool size: 10 (min=1)
[ INFO ] - org.hibernate.dialect.Dialect:175 - HHH000400: Using dialect: org.hibernate.dialect.MySQL8Dialect
[ INFO ] - org.hibernate.orm.connections.access:48 - HHH10001501: Connection obtained from JdbcConnectionAccess [org.hibernate.engine.jdbc.env.internal.JdbcEnvironmentInitiator$ConnectionProviderJdbcConnectionAccess@15d42ccb] for (non-JTA) DDL execution was not in auto-commit mode; the Connection 'local transaction' will be committed and the Connection will be set into auto-commit mode.
[ INFO ] - org.hibernate.engine.transaction.jta.platform.internal.JtaPlatformInitiator:52 - HHH000490: Using JtaPlatform implementation: [org.hibernate.engine.transaction.jta.platform.internal.NoJtaPlatform]
[ INFO ] - org.hibernate.jpa.internal.util.LogHelper:31 - HHH000204: Processing PersistenceUnitInfo [name: via]
[ INFO ] - org.hibernate.Version:44 - HHH000412: Hibernate ORM core version 5.6.7.Final
[ INFO ] - org.hibernate.annotations.common.Version:56 - HCANN000001: Hibernate Commons Annotations {5.1.2.Final}
[ WARN ] - org.hibernate.orm.connections.pooling:72 - HHH10001002: Using Hibernate built-in connection pool (not for production use!)
[ INFO ] - org.hibernate.orm.connections.pooling:115 - HHH10001005: using driver [com.mysql.cj.jdbc.Driver] at URL [jdbc:mysql://localhost:3306/webapp?createDatabaseIfNotExist=true]
[ INFO ] - org.hibernate.orm.connections.pooling:124 - HHH10001001: Connection properties: {password=****, user=root}
[ INFO ] - org.hibernate.orm.connections.pooling:129 - HHH10001003: Autocommit mode: false
[ INFO ] - org.hibernate.orm.connections.pooling:134 - HHH10001007: JDBC isolation level: READ_COMMITTED
[ INFO ] - org.hibernate.engine.jdbc.connections.internal.DriverManagerConnectionProviderImpl:274 - HHH000115: Hibernate connection pool size: 10 (min=1)
[ INFO ] - org.hibernate.dialect.Dialect:175 - HHH000400: Using dialect: org.hibernate.dialect.MySQL8Dialect
[ INFO ] - org.hibernate.orm.connections.access:48 - HHH10001501: Connection obtained from JdbcConnectionAccess [org.hibernate.engine.jdbc.env.internal.JdbcEnvironmentInitiator$ConnectionProviderJdbcConnectionAccess@15d42ccb] for (non-JTA) DDL execution was not in auto-commit mode; the Connection 'local transaction' will be committed and the Connection will be set into auto-commit mode.
[ INFO ] - org.hibernate.engine.transaction.jta.platform.internal.JtaPlatformInitiator:52 - HHH000490: Using JtaPlatform implementation: [org.hibernate.engine.transaction.jta.platform.internal.NoJtaPlatform]
[ INFO ] - org.hibernate.jpa.internal.util.LogHelper:31 - HHH000204: Processing PersistenceUnitInfo [name: via]
[ INFO ] - org.hibernate.Version:44 - HHH000412: Hibernate ORM core version 5.6.7.Final
[ INFO ] - org.hibernate.annotations.common.Version:56 - HCANN000001: Hibernate Commons Annotations {5.1.2.Final}
[ WARN ] - org.hibernate.orm.connections.pooling:72 - HHH10001002: Using Hibernate built-in connection pool (not for production use!)
[ INFO ] - org.hibernate.orm.connections.pooling:115 - HHH10001005: using driver [com.mysql.cj.jdbc.Driver] at URL [jdbc:mysql://localhost:3306/webapp?createDatabaseIfNotExist=true]
[ INFO ] - org.hibernate.orm.connections.pooling:124 - HHH10001001: Connection properties: {password=****, user=root}
[ INFO ] - org.hibernate.orm.connections.pooling:129 - HHH10001003: Autocommit mode: false
[ INFO ] - org.hibernate.orm.connections.pooling:134 - HHH10001007: JDBC isolation level: READ_COMMITTED
[ INFO ] - org.hibernate.engine.jdbc.connections.internal.DriverManagerConnectionProviderImpl:274 - HHH000115: Hibernate connection pool size: 10 (min=1)
[ INFO ] - org.hibernate.dialect.Dialect:175 - HHH000400: Using dialect: org.hibernate.dialect.MySQL8Dialect
[ INFO ] - org.hibernate.orm.connections.access:48 - HHH10001501: Connection obtained from JdbcConnectionAccess [org.hibernate.engine.jdbc.env.internal.JdbcEnvironmentInitiator$ConnectionProviderJdbcConnectionAccess@310aee0b] for (non-JTA) DDL execution was not in auto-commit mode; the Connection 'local transaction' will be committed and the Connection will be set into auto-commit mode.
[ INFO ] - org.hibernate.orm.connections.access:48 - HHH10001501: Connection obtained from JdbcConnectionAccess [org.hibernate.engine.jdbc.env.internal.JdbcEnvironmentInitiator$ConnectionProviderJdbcConnectionAccess@7593ea79] for (non-JTA) DDL execution was not in auto-commit mode; the Connection 'local transaction' will be committed and the Connection will be set into auto-commit mode.
[ INFO ] - org.hibernate.engine.transaction.jta.platform.internal.JtaPlatformInitiator:52 - HHH000490: Using JtaPlatform implementation: [org.hibernate.engine.transaction.jta.platform.internal.NoJtaPlatform]
[ INFO ] - org.hibernate.jpa.internal.util.LogHelper:31 - HHH000204: Processing PersistenceUnitInfo [name: via]
[ INFO ] - org.hibernate.Version:44 - HHH000412: Hibernate ORM core version 5.6.7.Final
[ INFO ] - org.hibernate.annotations.common.Version:56 - HCANN000001: Hibernate Commons Annotations {5.1.2.Final}
[ WARN ] - org.hibernate.orm.connections.pooling:72 - HHH10001002: Using Hibernate built-in connection pool (not for production use!)
[ INFO ] - org.hibernate.orm.connections.pooling:115 - HHH10001005: using driver [com.mysql.cj.jdbc.Driver] at URL [jdbc:mysql://localhost:3306/webapp?createDatabaseIfNotExist=true]
[ INFO ] - org.hibernate.orm.connections.pooling:124 - HHH10001001: Connection properties: {password=****, user=root}
[ INFO ] - org.hibernate.orm.connections.pooling:129 - HHH10001003: Autocommit mode: false
[ INFO ] - org.hibernate.orm.connections.pooling:134 - HHH10001007: JDBC isolation level: READ_COMMITTED
[ INFO ] - org.hibernate.engine.jdbc.connections.internal.DriverManagerConnectionProviderImpl:274 - HHH000115: Hibernate connection pool size: 10 (min=1)
[ INFO ] - org.hibernate.dialect.Dialect:175 - HHH000400: Using dialect: org.hibernate.dialect.MySQL8Dialect
[ INFO ] - org.hibernate.orm.connections.access:48 - HHH10001501: Connection obtained from JdbcConnectionAccess [org.hibernate.engine.jdbc.env.internal.JdbcEnvironmentInitiator$ConnectionProviderJdbcConnectionAccess@1a8df0b3] for (non-JTA) DDL execution was not in auto-commit mode; the Connection 'local transaction' will be committed and the Connection will be set into auto-commit mode.
[ INFO ] - org.hibernate.orm.connections.access:48 - HHH10001501: Connection obtained from JdbcConnectionAccess [org.hibernate.engine.jdbc.env.internal.JdbcEnvironmentInitiator$ConnectionProviderJdbcConnectionAccess@788ba63e] for (non-JTA) DDL execution was not in auto-commit mode; the Connection 'local transaction' will be committed and the Connection will be set into auto-commit mode.
[ INFO ] - org.hibernate.engine.transaction.jta.platform.internal.JtaPlatformInitiator:52 - HHH000490: Using JtaPlatform implementation: [org.hibernate.engine.transaction.jta.platform.internal.NoJtaPlatform]
[ INFO ] - org.hibernate.jpa.internal.util.LogHelper:31 - HHH000204: Processing PersistenceUnitInfo [name: via]
[ INFO ] - org.hibernate.Version:44 - HHH000412: Hibernate ORM core version 5.6.7.Final
[ INFO ] - org.hibernate.annotations.common.Version:56 - HCANN000001: Hibernate Commons Annotations {5.1.2.Final}
[ WARN ] - org.hibernate.orm.connections.pooling:72 - HHH10001002: Using Hibernate built-in connection pool (not for production use!)
[ INFO ] - org.hibernate.orm.connections.pooling:115 - HHH10001005: using driver [com.mysql.cj.jdbc.Driver] at URL [jdbc:mysql://localhost:3306/webapp?createDatabaseIfNotExist=true]
[ INFO ] - org.hibernate.orm.connections.pooling:124 - HHH10001001: Connection properties: {password=****, user=root}
[ INFO ] - org.hibernate.orm.connections.pooling:129 - HHH10001003: Autocommit mode: false
[ INFO ] - org.hibernate.orm.connections.pooling:134 - HHH10001007: JDBC isolation level: READ_COMMITTED
[ INFO ] - org.hibernate.engine.jdbc.connections.internal.DriverManagerConnectionProviderImpl:274 - HHH000115: Hibernate connection pool size: 10 (min=1)
[ INFO ] - org.hibernate.dialect.Dialect:175 - HHH000400: Using dialect: org.hibernate.dialect.MySQL8Dialect
[ INFO ] - org.hibernate.orm.connections.access:48 - HHH10001501: Connection obtained from JdbcConnectionAccess [org.hibernate.engine.jdbc.env.internal.JdbcEnvironmentInitiator$ConnectionProviderJdbcConnectionAccess@2be95d31] for (non-JTA) DDL execution was not in auto-commit mode; the Connection 'local transaction' will be committed and the Connection will be set into auto-commit mode.
[ INFO ] - org.hibernate.engine.transaction.jta.platform.internal.JtaPlatformInitiator:52 - HHH000490: Using JtaPlatform implementation: [org.hibernate.engine.transaction.jta.platform.internal.NoJtaPlatform]
[ INFO ] - org.hibernate.jpa.internal.util.LogHelper:31 - HHH000204: Processing PersistenceUnitInfo [name: via]
[ INFO ] - org.hibernate.Version:44 - HHH000412: Hibernate ORM core version 5.6.7.Final
[ INFO ] - org.hibernate.annotations.common.Version:56 - HCANN000001: Hibernate Commons Annotations {5.1.2.Final}
[ WARN ] - org.hibernate.orm.connections.pooling:72 - HHH10001002: Using Hibernate built-in connection pool (not for production use!)
[ INFO ] - org.hibernate.orm.connections.pooling:115 - HHH10001005: using driver [com.mysql.cj.jdbc.Driver] at URL [jdbc:mysql://localhost:3306/webapp?createDatabaseIfNotExist=true]
[ INFO ] - org.hibernate.orm.connections.pooling:124 - HHH10001001: Connection properties: {password=****, user=root}
[ INFO ] - org.hibernate.orm.connections.pooling:129 - HHH10001003: Autocommit mode: false
[ INFO ] - org.hibernate.orm.connections.pooling:134 - HHH10001007: JDBC isolation level: READ_COMMITTED
[ INFO ] - org.hibernate.engine.jdbc.connections.internal.DriverManagerConnectionProviderImpl:274 - HHH000115: Hibernate connection pool size: 10 (min=1)
[ INFO ] - org.hibernate.dialect.Dialect:175 - HHH000400: Using dialect: org.hibernate.dialect.MySQL8Dialect
[ INFO ] - org.hibernate.orm.connections.access:48 - HHH10001501: Connection obtained from JdbcConnectionAccess [org.hibernate.engine.jdbc.env.internal.JdbcEnvironmentInitiator$ConnectionProviderJdbcConnectionAccess@2aa7399c] for (non-JTA) DDL execution was not in auto-commit mode; the Connection 'local transaction' will be committed and the Connection will be set into auto-commit mode.
[ INFO ] - org.hibernate.engine.transaction.jta.platform.internal.JtaPlatformInitiator:52 - HHH000490: Using JtaPlatform implementation: [org.hibernate.engine.transaction.jta.platform.internal.NoJtaPlatform]
[ INFO ] - org.hibernate.jpa.internal.util.LogHelper:31 - HHH000204: Processing PersistenceUnitInfo [name: via]
[ INFO ] - org.hibernate.Version:44 - HHH000412: Hibernate ORM core version 5.6.7.Final
[ INFO ] - org.hibernate.annotations.common.Version:56 - HCANN000001: Hibernate Commons Annotations {5.1.2.Final}
[ WARN ] - org.hibernate.orm.connections.pooling:72 - HHH10001002: Using Hibernate built-in connection pool (not for production use!)
[ INFO ] - org.hibernate.orm.connections.pooling:115 - HHH10001005: using driver [com.mysql.cj.jdbc.Driver] at URL [jdbc:mysql://localhost:3306/webapp?createDatabaseIfNotExist=true]
[ INFO ] - org.hibernate.orm.connections.pooling:124 - HHH10001001: Connection properties: {password=****, user=root}
[ INFO ] - org.hibernate.orm.connections.pooling:129 - HHH10001003: Autocommit mode: false
[ INFO ] - org.hibernate.orm.connections.pooling:134 - HHH10001007: JDBC isolation level: READ_COMMITTED
[ INFO ] - org.hibernate.engine.jdbc.connections.internal.DriverManagerConnectionProviderImpl:274 - HHH000115: Hibernate connection pool size: 10 (min=1)
[ INFO ] - org.hibernate.dialect.Dialect:175 - HHH000400: Using dialect: org.hibernate.dialect.MySQL8Dialect
[ INFO ] - org.hibernate.orm.connections.access:48 - HHH10001501: Connection obtained from JdbcConnectionAccess [org.hibernate.engine.jdbc.env.internal.JdbcEnvironmentInitiator$ConnectionProviderJdbcConnectionAccess@e76b097] for (non-JTA) DDL execution was not in auto-commit mode; the Connection 'local transaction' will be committed and the Connection will be set into auto-commit mode.
[ INFO ] - org.hibernate.engine.transaction.jta.platform.internal.JtaPlatformInitiator:52 - HHH000490: Using JtaPlatform implementation: [org.hibernate.engine.transaction.jta.platform.internal.NoJtaPlatform]
[ INFO ] - org.hibernate.jpa.internal.util.LogHelper:31 - HHH000204: Processing PersistenceUnitInfo [name: via]
[ INFO ] - org.hibernate.Version:44 - HHH000412: Hibernate ORM core version 5.6.7.Final
[ INFO ] - org.hibernate.annotations.common.Version:56 - HCANN000001: Hibernate Commons Annotations {5.1.2.Final}
[ WARN ] - org.hibernate.orm.connections.pooling:72 - HHH10001002: Using Hibernate built-in connection pool (not for production use!)
[ INFO ] - org.hibernate.orm.connections.pooling:115 - HHH10001005: using driver [com.mysql.cj.jdbc.Driver] at URL [jdbc:mysql://localhost:3306/webapp?createDatabaseIfNotExist=true]
[ INFO ] - org.hibernate.orm.connections.pooling:124 - HHH10001001: Connection properties: {password=****, user=root}
[ INFO ] - org.hibernate.orm.connections.pooling:129 - HHH10001003: Autocommit mode: false
[ INFO ] - org.hibernate.orm.connections.pooling:134 - HHH10001007: JDBC isolation level: READ_COMMITTED
[ INFO ] - org.hibernate.engine.jdbc.connections.internal.DriverManagerConnectionProviderImpl:274 - HHH000115: Hibernate connection pool size: 10 (min=1)
[ INFO ] - org.hibernate.dialect.Dialect:175 - HHH000400: Using dialect: org.hibernate.dialect.MySQL8Dialect
[ INFO ] - org.hibernate.orm.connections.access:48 - HHH10001501: Connection obtained from JdbcConnectionAccess [org.hibernate.engine.jdbc.env.internal.JdbcEnvironmentInitiator$ConnectionProviderJdbcConnectionAccess@708f018e] for (non-JTA) DDL execution was not in auto-commit mode; the Connection 'local transaction' will be committed and the Connection will be set into auto-commit mode.
[ INFO ] - org.hibernate.engine.transaction.jta.platform.internal.JtaPlatformInitiator:52 - HHH000490: Using JtaPlatform implementation: [org.hibernate.engine.transaction.jta.platform.internal.NoJtaPlatform]
[ INFO ] - org.hibernate.jpa.internal.util.LogHelper:31 - HHH000204: Processing PersistenceUnitInfo [name: via]
[ INFO ] - org.hibernate.Version:44 - HHH000412: Hibernate ORM core version 5.6.7.Final
[ INFO ] - org.hibernate.annotations.common.Version:56 - HCANN000001: Hibernate Commons Annotations {5.1.2.Final}
[ WARN ] - org.hibernate.orm.connections.pooling:72 - HHH10001002: Using Hibernate built-in connection pool (not for production use!)
[ INFO ] - org.hibernate.orm.connections.pooling:115 - HHH10001005: using driver [com.mysql.cj.jdbc.Driver] at URL [jdbc:mysql://localhost:3306/webapp?createDatabaseIfNotExist=true]
[ INFO ] - org.hibernate.orm.connections.pooling:124 - HHH10001001: Connection properties: {password=****, user=root}
[ INFO ] - org.hibernate.orm.connections.pooling:129 - HHH10001003: Autocommit mode: false
[ INFO ] - org.hibernate.orm.connections.pooling:134 - HHH10001007: JDBC isolation level: READ_COMMITTED
[ INFO ] - org.hibernate.engine.jdbc.connections.internal.DriverManagerConnectionProviderImpl:274 - HHH000115: Hibernate connection pool size: 10 (min=1)
[ INFO ] - org.hibernate.dialect.Dialect:175 - HHH000400: Using dialect: org.hibernate.dialect.MySQL8Dialect
[ INFO ] - org.hibernate.orm.connections.access:48 - HHH10001501: Connection obtained from JdbcConnectionAccess [org.hibernate.engine.jdbc.env.internal.JdbcEnvironmentInitiator$ConnectionProviderJdbcConnectionAccess@19a31b9d] for (non-JTA) DDL execution was not in auto-commit mode; the Connection 'local transaction' will be committed and the Connection will be set into auto-commit mode.
[ INFO ] - org.hibernate.engine.transaction.jta.platform.internal.JtaPlatformInitiator:52 - HHH000490: Using JtaPlatform implementation: [org.hibernate.engine.transaction.jta.platform.internal.NoJtaPlatform]
[ INFO ] - org.hibernate.jpa.internal.util.LogHelper:31 - HHH000204: Processing PersistenceUnitInfo [name: via]
[ INFO ] - org.hibernate.Version:44 - HHH000412: Hibernate ORM core version 5.6.7.Final
[ INFO ] - org.hibernate.annotations.common.Version:56 - HCANN000001: Hibernate Commons Annotations {5.1.2.Final}
[ WARN ] - org.hibernate.orm.connections.pooling:72 - HHH10001002: Using Hibernate built-in connection pool (not for production use!)
[ INFO ] - org.hibernate.orm.connections.pooling:115 - HHH10001005: using driver [com.mysql.cj.jdbc.Driver] at URL [jdbc:mysql://localhost:3306/webapp?createDatabaseIfNotExist=true]
[ INFO ] - org.hibernate.orm.connections.pooling:124 - HHH10001001: Connection properties: {password=****, user=root}
[ INFO ] - org.hibernate.orm.connections.pooling:129 - HHH10001003: Autocommit mode: false
[ INFO ] - org.hibernate.orm.connections.pooling:134 - HHH10001007: JDBC isolation level: READ_COMMITTED
[ INFO ] - org.hibernate.engine.jdbc.connections.internal.DriverManagerConnectionProviderImpl:274 - HHH000115: Hibernate connection pool size: 10 (min=1)
[ INFO ] - org.hibernate.dialect.Dialect:175 - HHH000400: Using dialect: org.hibernate.dialect.MySQL8Dialect
[ INFO ] - org.hibernate.orm.connections.access:48 - HHH10001501: Connection obtained from JdbcConnectionAccess [org.hibernate.engine.jdbc.env.internal.JdbcEnvironmentInitiator$ConnectionProviderJdbcConnectionAccess@6d60899e] for (non-JTA) DDL execution was not in auto-commit mode; the Connection 'local transaction' will be committed and the Connection will be set into auto-commit mode.
[ INFO ] - org.hibernate.engine.transaction.jta.platform.internal.JtaPlatformInitiator:52 - HHH000490: Using JtaPlatform implementation: [org.hibernate.engine.transaction.jta.platform.internal.NoJtaPlatform]
[ INFO ] - org.hibernate.jpa.internal.util.LogHelper:31 - HHH000204: Processing PersistenceUnitInfo [name: via]
[ INFO ] - org.hibernate.Version:44 - HHH000412: Hibernate ORM core version 5.6.7.Final
[ INFO ] - org.hibernate.annotations.common.Version:56 - HCANN000001: Hibernate Commons Annotations {5.1.2.Final}
[ WARN ] - org.hibernate.orm.connections.pooling:72 - HHH10001002: Using Hibernate built-in connection pool (not for production use!)
[ INFO ] - org.hibernate.orm.connections.pooling:115 - HHH10001005: using driver [com.mysql.cj.jdbc.Driver] at URL [jdbc:mysql://localhost:3306/webapp?createDatabaseIfNotExist=true]
[ INFO ] - org.hibernate.orm.connections.pooling:124 - HHH10001001: Connection properties: {password=****, user=root}
[ INFO ] - org.hibernate.orm.connections.pooling:129 - HHH10001003: Autocommit mode: false
[ INFO ] - org.hibernate.orm.connections.pooling:134 - HHH10001007: JDBC isolation level: READ_COMMITTED
[ INFO ] - org.hibernate.engine.jdbc.connections.internal.DriverManagerConnectionProviderImpl:274 - HHH000115: Hibernate connection pool size: 10 (min=1)
[ INFO ] - org.hibernate.dialect.Dialect:175 - HHH000400: Using dialect: org.hibernate.dialect.MySQL8Dialect
[ INFO ] - org.hibernate.orm.connections.access:48 - HHH10001501: Connection obtained from JdbcConnectionAccess [org.hibernate.engine.jdbc.env.internal.JdbcEnvironmentInitiator$ConnectionProviderJdbcConnectionAccess@6d60899e] for (non-JTA) DDL execution was not in auto-commit mode; the Connection 'local transaction' will be committed and the Connection will be set into auto-commit mode.
[ INFO ] - org.hibernate.engine.transaction.jta.platform.internal.JtaPlatformInitiator:52 - HHH000490: Using JtaPlatform implementation: [org.hibernate.engine.transaction.jta.platform.internal.NoJtaPlatform]
[ INFO ] - org.hibernate.jpa.internal.util.LogHelper:31 - HHH000204: Processing PersistenceUnitInfo [name: via]
[ INFO ] - org.hibernate.Version:44 - HHH000412: Hibernate ORM core version 5.6.7.Final
[ INFO ] - org.hibernate.annotations.common.Version:56 - HCANN000001: Hibernate Commons Annotations {5.1.2.Final}
[ WARN ] - org.hibernate.orm.connections.pooling:72 - HHH10001002: Using Hibernate built-in connection pool (not for production use!)
[ INFO ] - org.hibernate.orm.connections.pooling:115 - HHH10001005: using driver [com.mysql.cj.jdbc.Driver] at URL [jdbc:mysql://localhost:3306/webapp?createDatabaseIfNotExist=true]
[ INFO ] - org.hibernate.orm.connections.pooling:124 - HHH10001001: Connection properties: {password=****, user=root}
[ INFO ] - org.hibernate.orm.connections.pooling:129 - HHH10001003: Autocommit mode: false
[ INFO ] - org.hibernate.orm.connections.pooling:134 - HHH10001007: JDBC isolation level: READ_COMMITTED
[ INFO ] - org.hibernate.engine.jdbc.connections.internal.DriverManagerConnectionProviderImpl:274 - HHH000115: Hibernate connection pool size: 10 (min=1)
[ INFO ] - org.hibernate.dialect.Dialect:175 - HHH000400: Using dialect: org.hibernate.dialect.MySQL8Dialect
[ INFO ] - org.hibernate.orm.connections.access:48 - HHH10001501: Connection obtained from JdbcConnectionAccess [org.hibernate.engine.jdbc.env.internal.JdbcEnvironmentInitiator$ConnectionProviderJdbcConnectionAccess@19a31b9d] for (non-JTA) DDL execution was not in auto-commit mode; the Connection 'local transaction' will be committed and the Connection will be set into auto-commit mode.
[ INFO ] - org.hibernate.engine.transaction.jta.platform.internal.JtaPlatformInitiator:52 - HHH000490: Using JtaPlatform implementation: [org.hibernate.engine.transaction.jta.platform.internal.NoJtaPlatform]
[ INFO ] - org.hibernate.jpa.internal.util.LogHelper:31 - HHH000204: Processing PersistenceUnitInfo [name: via]
[ INFO ] - org.hibernate.Version:44 - HHH000412: Hibernate ORM core version 5.6.7.Final
[ INFO ] - org.hibernate.annotations.common.Version:56 - HCANN000001: Hibernate Commons Annotations {5.1.2.Final}
[ WARN ] - org.hibernate.orm.connections.pooling:72 - HHH10001002: Using Hibernate built-in connection pool (not for production use!)
[ INFO ] - org.hibernate.orm.connections.pooling:115 - HHH10001005: using driver [com.mysql.cj.jdbc.Driver] at URL [jdbc:mysql://localhost:3306/webapp?createDatabaseIfNotExist=true]
[ INFO ] - org.hibernate.orm.connections.pooling:124 - HHH10001001: Connection properties: {password=****, user=root}
[ INFO ] - org.hibernate.orm.connections.pooling:129 - HHH10001003: Autocommit mode: false
[ INFO ] - org.hibernate.orm.connections.pooling:134 - HHH10001007: JDBC isolation level: READ_COMMITTED
[ INFO ] - org.hibernate.engine.jdbc.connections.internal.DriverManagerConnectionProviderImpl:274 - HHH000115: Hibernate connection pool size: 10 (min=1)
[ INFO ] - org.hibernate.dialect.Dialect:175 - HHH000400: Using dialect: org.hibernate.dialect.MySQL8Dialect
[ INFO ] - org.hibernate.orm.connections.access:48 - HHH10001501: Connection obtained from JdbcConnectionAccess [org.hibernate.engine.jdbc.env.internal.JdbcEnvironmentInitiator$ConnectionProviderJdbcConnectionAccess@6c0905f6] for (non-JTA) DDL execution was not in auto-commit mode; the Connection 'local transaction' will be committed and the Connection will be set into auto-commit mode.
[ INFO ] - org.hibernate.engine.transaction.jta.platform.internal.JtaPlatformInitiator:52 - HHH000490: Using JtaPlatform implementation: [org.hibernate.engine.transaction.jta.platform.internal.NoJtaPlatform]
[ INFO ] - org.hibernate.jpa.internal.util.LogHelper:31 - HHH000204: Processing PersistenceUnitInfo [name: via]
[ INFO ] - org.hibernate.Version:44 - HHH000412: Hibernate ORM core version 5.6.7.Final
[ INFO ] - org.hibernate.annotations.common.Version:56 - HCANN000001: Hibernate Commons Annotations {5.1.2.Final}
[ WARN ] - org.hibernate.orm.connections.pooling:72 - HHH10001002: Using Hibernate built-in connection pool (not for production use!)
[ INFO ] - org.hibernate.orm.connections.pooling:115 - HHH10001005: using driver [com.mysql.cj.jdbc.Driver] at URL [jdbc:mysql://localhost:3306/webapp?createDatabaseIfNotExist=true]
[ INFO ] - org.hibernate.orm.connections.pooling:124 - HHH10001001: Connection properties: {password=****, user=root}
[ INFO ] - org.hibernate.orm.connections.pooling:129 - HHH10001003: Autocommit mode: false
[ INFO ] - org.hibernate.orm.connections.pooling:134 - HHH10001007: JDBC isolation level: READ_COMMITTED
[ INFO ] - org.hibernate.engine.jdbc.connections.internal.DriverManagerConnectionProviderImpl:274 - HHH000115: Hibernate connection pool size: 10 (min=1)
[ INFO ] - org.hibernate.dialect.Dialect:175 - HHH000400: Using dialect: org.hibernate.dialect.MySQL8Dialect
[ INFO ] - org.hibernate.orm.connections.access:48 - HHH10001501: Connection obtained from JdbcConnectionAccess [org.hibernate.engine.jdbc.env.internal.JdbcEnvironmentInitiator$ConnectionProviderJdbcConnectionAccess@6056232d] for (non-JTA) DDL execution was not in auto-commit mode; the Connection 'local transaction' will be committed and the Connection will be set into auto-commit mode.
[ INFO ] - org.hibernate.orm.connections.access:48 - HHH10001501: Connection obtained from JdbcConnectionAccess [org.hibernate.engine.jdbc.env.internal.JdbcEnvironmentInitiator$ConnectionProviderJdbcConnectionAccess@4a8e6e89] for (non-JTA) DDL execution was not in auto-commit mode; the Connection 'local transaction' will be committed and the Connection will be set into auto-commit mode.
[ INFO ] - org.hibernate.engine.transaction.jta.platform.internal.JtaPlatformInitiator:52 - HHH000490: Using JtaPlatform implementation: [org.hibernate.engine.transaction.jta.platform.internal.NoJtaPlatform]
[ INFO ] - org.hibernate.jpa.internal.util.LogHelper:31 - HHH000204: Processing PersistenceUnitInfo [name: via]
[ INFO ] - org.hibernate.Version:44 - HHH000412: Hibernate ORM core version 5.6.7.Final
[ INFO ] - org.hibernate.annotations.common.Version:56 - HCANN000001: Hibernate Commons Annotations {5.1.2.Final}
[ WARN ] - org.hibernate.orm.connections.pooling:72 - HHH10001002: Using Hibernate built-in connection pool (not for production use!)
[ INFO ] - org.hibernate.orm.connections.pooling:115 - HHH10001005: using driver [com.mysql.cj.jdbc.Driver] at URL [jdbc:mysql://localhost:3306/webapp?createDatabaseIfNotExist=true]
[ INFO ] - org.hibernate.orm.connections.pooling:124 - HHH10001001: Connection properties: {password=****, user=root}
[ INFO ] - org.hibernate.orm.connections.pooling:129 - HHH10001003: Autocommit mode: false
[ INFO ] - org.hibernate.orm.connections.pooling:134 - HHH10001007: JDBC isolation level: READ_COMMITTED
[ INFO ] - org.hibernate.engine.jdbc.connections.internal.DriverManagerConnectionProviderImpl:274 - HHH000115: Hibernate connection pool size: 10 (min=1)
[ INFO ] - org.hibernate.dialect.Dialect:175 - HHH000400: Using dialect: org.hibernate.dialect.MySQL8Dialect
[ INFO ] - org.hibernate.orm.connections.access:48 - HHH10001501: Connection obtained from JdbcConnectionAccess [org.hibernate.engine.jdbc.env.internal.JdbcEnvironmentInitiator$ConnectionProviderJdbcConnectionAccess@33f2df51] for (non-JTA) DDL execution was not in auto-commit mode; the Connection 'local transaction' will be committed and the Connection will be set into auto-commit mode.
[ INFO ] - org.hibernate.orm.connections.access:48 - HHH10001501: Connection obtained from JdbcConnectionAccess [org.hibernate.engine.jdbc.env.internal.JdbcEnvironmentInitiator$ConnectionProviderJdbcConnectionAccess@6fbb4061] for (non-JTA) DDL execution was not in auto-commit mode; the Connection 'local transaction' will be committed and the Connection will be set into auto-commit mode.
[ INFO ] - org.hibernate.engine.transaction.jta.platform.internal.JtaPlatformInitiator:52 - HHH000490: Using JtaPlatform implementation: [org.hibernate.engine.transaction.jta.platform.internal.NoJtaPlatform]
[ INFO ] - org.hibernate.jpa.internal.util.LogHelper:31 - HHH000204: Processing PersistenceUnitInfo [name: via]
[ INFO ] - org.hibernate.Version:44 - HHH000412: Hibernate ORM core version 5.6.7.Final
[ INFO ] - org.hibernate.annotations.common.Version:56 - HCANN000001: Hibernate Commons Annotations {5.1.2.Final}
[ WARN ] - org.hibernate.orm.connections.pooling:72 - HHH10001002: Using Hibernate built-in connection pool (not for production use!)
[ INFO ] - org.hibernate.orm.connections.pooling:115 - HHH10001005: using driver [com.mysql.cj.jdbc.Driver] at URL [jdbc:mysql://localhost:3306/webapp?createDatabaseIfNotExist=true]
[ INFO ] - org.hibernate.orm.connections.pooling:124 - HHH10001001: Connection properties: {password=****, user=root}
[ INFO ] - org.hibernate.orm.connections.pooling:129 - HHH10001003: Autocommit mode: false
[ INFO ] - org.hibernate.orm.connections.pooling:134 - HHH10001007: JDBC isolation level: READ_COMMITTED
[ INFO ] - org.hibernate.engine.jdbc.connections.internal.DriverManagerConnectionProviderImpl:274 - HHH000115: Hibernate connection pool size: 10 (min=1)
[ INFO ] - org.hibernate.dialect.Dialect:175 - HHH000400: Using dialect: org.hibernate.dialect.MySQL8Dialect
[ INFO ] - org.hibernate.orm.connections.access:48 - HHH10001501: Connection obtained from JdbcConnectionAccess [org.hibernate.engine.jdbc.env.internal.JdbcEnvironmentInitiator$ConnectionProviderJdbcConnectionAccess@7bac686b] for (non-JTA) DDL execution was not in auto-commit mode; the Connection 'local transaction' will be committed and the Connection will be set into auto-commit mode.
[ INFO ] - org.hibernate.orm.connections.access:48 - HHH10001501: Connection obtained from JdbcConnectionAccess [org.hibernate.engine.jdbc.env.internal.JdbcEnvironmentInitiator$ConnectionProviderJdbcConnectionAccess@60c73e58] for (non-JTA) DDL execution was not in auto-commit mode; the Connection 'local transaction' will be committed and the Connection will be set into auto-commit mode.
[ INFO ] - org.hibernate.engine.transaction.jta.platform.internal.JtaPlatformInitiator:52 - HHH000490: Using JtaPlatform implementation: [org.hibernate.engine.transaction.jta.platform.internal.NoJtaPlatform]
[ INFO ] - org.hibernate.jpa.internal.util.LogHelper:31 - HHH000204: Processing PersistenceUnitInfo [name: via]
[ INFO ] - org.hibernate.Version:44 - HHH000412: Hibernate ORM core version 5.6.7.Final
[ INFO ] - org.hibernate.annotations.common.Version:56 - HCANN000001: Hibernate Commons Annotations {5.1.2.Final}
[ WARN ] - org.hibernate.orm.connections.pooling:72 - HHH10001002: Using Hibernate built-in connection pool (not for production use!)
[ INFO ] - org.hibernate.orm.connections.pooling:115 - HHH10001005: using driver [com.mysql.cj.jdbc.Driver] at URL [jdbc:mysql://localhost:3306/webapp?createDatabaseIfNotExist=true]
[ INFO ] - org.hibernate.orm.connections.pooling:124 - HHH10001001: Connection properties: {password=****, user=root}
[ INFO ] - org.hibernate.orm.connections.pooling:129 - HHH10001003: Autocommit mode: false
[ INFO ] - org.hibernate.orm.connections.pooling:134 - HHH10001007: JDBC isolation level: READ_COMMITTED
[ INFO ] - org.hibernate.engine.jdbc.connections.internal.DriverManagerConnectionProviderImpl:274 - HHH000115: Hibernate connection pool size: 10 (min=1)
[ INFO ] - org.hibernate.dialect.Dialect:175 - HHH000400: Using dialect: org.hibernate.dialect.MySQL8Dialect
[ INFO ] - org.hibernate.orm.connections.access:48 - HHH10001501: Connection obtained from JdbcConnectionAccess [org.hibernate.engine.jdbc.env.internal.JdbcEnvironmentInitiator$ConnectionProviderJdbcConnectionAccess@107bfcb2] for (non-JTA) DDL execution was not in auto-commit mode; the Connection 'local transaction' will be committed and the Connection will be set into auto-commit mode.
[ INFO ] - org.hibernate.orm.connections.access:48 - HHH10001501: Connection obtained from JdbcConnectionAccess [org.hibernate.engine.jdbc.env.internal.JdbcEnvironmentInitiator$ConnectionProviderJdbcConnectionAccess@63d5874f] for (non-JTA) DDL execution was not in auto-commit mode; the Connection 'local transaction' will be committed and the Connection will be set into auto-commit mode.
[ INFO ] - org.hibernate.engine.transaction.jta.platform.internal.JtaPlatformInitiator:52 - HHH000490: Using JtaPlatform implementation: [org.hibernate.engine.transaction.jta.platform.internal.NoJtaPlatform]
[ INFO ] - org.hibernate.jpa.internal.util.LogHelper:31 - HHH000204: Processing PersistenceUnitInfo [name: via]
[ INFO ] - org.hibernate.Version:44 - HHH000412: Hibernate ORM core version 5.6.7.Final
[ INFO ] - org.hibernate.annotations.common.Version:56 - HCANN000001: Hibernate Commons Annotations {5.1.2.Final}
[ WARN ] - org.hibernate.orm.connections.pooling:72 - HHH10001002: Using Hibernate built-in connection pool (not for production use!)
[ INFO ] - org.hibernate.orm.connections.pooling:115 - HHH10001005: using driver [com.mysql.cj.jdbc.Driver] at URL [jdbc:mysql://localhost:3306/webapp?createDatabaseIfNotExist=true]
[ INFO ] - org.hibernate.orm.connections.pooling:124 - HHH10001001: Connection properties: {password=****, user=root}
[ INFO ] - org.hibernate.orm.connections.pooling:129 - HHH10001003: Autocommit mode: false
[ INFO ] - org.hibernate.orm.connections.pooling:134 - HHH10001007: JDBC isolation level: READ_COMMITTED
[ INFO ] - org.hibernate.engine.jdbc.connections.internal.DriverManagerConnectionProviderImpl:274 - HHH000115: Hibernate connection pool size: 10 (min=1)
[ INFO ] - org.hibernate.dialect.Dialect:175 - HHH000400: Using dialect: org.hibernate.dialect.MySQL8Dialect
[ INFO ] - org.hibernate.orm.connections.access:48 - HHH10001501: Connection obtained from JdbcConnectionAccess [org.hibernate.engine.jdbc.env.internal.JdbcEnvironmentInitiator$ConnectionProviderJdbcConnectionAccess@f9f3928] for (non-JTA) DDL execution was not in auto-commit mode; the Connection 'local transaction' will be committed and the Connection will be set into auto-commit mode.
[ INFO ] - org.hibernate.orm.connections.access:48 - HHH10001501: Connection obtained from JdbcConnectionAccess [org.hibernate.engine.jdbc.env.internal.JdbcEnvironmentInitiator$ConnectionProviderJdbcConnectionAccess@6c0905f6] for (non-JTA) DDL execution was not in auto-commit mode; the Connection 'local transaction' will be committed and the Connection will be set into auto-commit mode.
[ INFO ] - org.hibernate.engine.transaction.jta.platform.internal.JtaPlatformInitiator:52 - HHH000490: Using JtaPlatform implementation: [org.hibernate.engine.transaction.jta.platform.internal.NoJtaPlatform]
[ INFO ] - org.hibernate.jpa.internal.util.LogHelper:31 - HHH000204: Processing PersistenceUnitInfo [name: via]
[ INFO ] - org.hibernate.Version:44 - HHH000412: Hibernate ORM core version 5.6.7.Final
[ INFO ] - org.hibernate.annotations.common.Version:56 - HCANN000001: Hibernate Commons Annotations {5.1.2.Final}
[ WARN ] - org.hibernate.orm.connections.pooling:72 - HHH10001002: Using Hibernate built-in connection pool (not for production use!)
[ INFO ] - org.hibernate.orm.connections.pooling:115 - HHH10001005: using driver [com.mysql.cj.jdbc.Driver] at URL [jdbc:mysql://localhost:3306/webapp?createDatabaseIfNotExist=true]
[ INFO ] - org.hibernate.orm.connections.pooling:124 - HHH10001001: Connection properties: {password=****, user=root}
[ INFO ] - org.hibernate.orm.connections.pooling:129 - HHH10001003: Autocommit mode: false
[ INFO ] - org.hibernate.orm.connections.pooling:134 - HHH10001007: JDBC isolation level: READ_COMMITTED
[ INFO ] - org.hibernate.engine.jdbc.connections.internal.DriverManagerConnectionProviderImpl:274 - HHH000115: Hibernate connection pool size: 10 (min=1)
[ INFO ] - org.hibernate.dialect.Dialect:175 - HHH000400: Using dialect: org.hibernate.dialect.MySQL8Dialect
[ INFO ] - org.hibernate.orm.connections.access:48 - HHH10001501: Connection obtained from JdbcConnectionAccess [org.hibernate.engine.jdbc.env.internal.JdbcEnvironmentInitiator$ConnectionProviderJdbcConnectionAccess@107bfcb2] for (non-JTA) DDL execution was not in auto-commit mode; the Connection 'local transaction' will be committed and the Connection will be set into auto-commit mode.
[ INFO ] - org.hibernate.orm.connections.access:48 - HHH10001501: Connection obtained from JdbcConnectionAccess [org.hibernate.engine.jdbc.env.internal.JdbcEnvironmentInitiator$ConnectionProviderJdbcConnectionAccess@63d5874f] for (non-JTA) DDL execution was not in auto-commit mode; the Connection 'local transaction' will be committed and the Connection will be set into auto-commit mode.
[ INFO ] - org.hibernate.engine.transaction.jta.platform.internal.JtaPlatformInitiator:52 - HHH000490: Using JtaPlatform implementation: [org.hibernate.engine.transaction.jta.platform.internal.NoJtaPlatform]
[ INFO ] - org.hibernate.jpa.internal.util.LogHelper:31 - HHH000204: Processing PersistenceUnitInfo [name: via]
[ INFO ] - org.hibernate.Version:44 - HHH000412: Hibernate ORM core version 5.6.7.Final
[ INFO ] - org.hibernate.annotations.common.Version:56 - HCANN000001: Hibernate Commons Annotations {5.1.2.Final}
[ WARN ] - org.hibernate.orm.connections.pooling:72 - HHH10001002: Using Hibernate built-in connection pool (not for production use!)
[ INFO ] - org.hibernate.orm.connections.pooling:115 - HHH10001005: using driver [com.mysql.cj.jdbc.Driver] at URL [jdbc:mysql://localhost:3306/webapp?createDatabaseIfNotExist=true]
[ INFO ] - org.hibernate.orm.connections.pooling:124 - HHH10001001: Connection properties: {password=****, user=root}
[ INFO ] - org.hibernate.orm.connections.pooling:129 - HHH10001003: Autocommit mode: false
[ INFO ] - org.hibernate.orm.connections.pooling:134 - HHH10001007: JDBC isolation level: READ_COMMITTED
[ INFO ] - org.hibernate.engine.jdbc.connections.internal.DriverManagerConnectionProviderImpl:274 - HHH000115: Hibernate connection pool size: 10 (min=1)
[ INFO ] - org.hibernate.dialect.Dialect:175 - HHH000400: Using dialect: org.hibernate.dialect.MySQL8Dialect
[ INFO ] - org.hibernate.orm.connections.access:48 - HHH10001501: Connection obtained from JdbcConnectionAccess [org.hibernate.engine.jdbc.env.internal.JdbcEnvironmentInitiator$ConnectionProviderJdbcConnectionAccess@7bac686b] for (non-JTA) DDL execution was not in auto-commit mode; the Connection 'local transaction' will be committed and the Connection will be set into auto-commit mode.
[ INFO ] - org.hibernate.orm.connections.access:48 - HHH10001501: Connection obtained from JdbcConnectionAccess [org.hibernate.engine.jdbc.env.internal.JdbcEnvironmentInitiator$ConnectionProviderJdbcConnectionAccess@60c73e58] for (non-JTA) DDL execution was not in auto-commit mode; the Connection 'local transaction' will be committed and the Connection will be set into auto-commit mode.
[ INFO ] - org.hibernate.engine.transaction.jta.platform.internal.JtaPlatformInitiator:52 - HHH000490: Using JtaPlatform implementation: [org.hibernate.engine.transaction.jta.platform.internal.NoJtaPlatform]
[ INFO ] - org.hibernate.jpa.internal.util.LogHelper:31 - HHH000204: Processing PersistenceUnitInfo [name: via]
[ INFO ] - org.hibernate.Version:44 - HHH000412: Hibernate ORM core version 5.6.7.Final
[ INFO ] - org.hibernate.annotations.common.Version:56 - HCANN000001: Hibernate Commons Annotations {5.1.2.Final}
[ WARN ] - org.hibernate.orm.connections.pooling:72 - HHH10001002: Using Hibernate built-in connection pool (not for production use!)
[ INFO ] - org.hibernate.orm.connections.pooling:115 - HHH10001005: using driver [com.mysql.cj.jdbc.Driver] at URL [jdbc:mysql://localhost:3306/webapp?createDatabaseIfNotExist=true]
[ INFO ] - org.hibernate.orm.connections.pooling:124 - HHH10001001: Connection properties: {password=****, user=root}
[ INFO ] - org.hibernate.orm.connections.pooling:129 - HHH10001003: Autocommit mode: false
[ INFO ] - org.hibernate.orm.connections.pooling:134 - HHH10001007: JDBC isolation level: READ_COMMITTED
[ INFO ] - org.hibernate.engine.jdbc.connections.internal.DriverManagerConnectionProviderImpl:274 - HHH000115: Hibernate connection pool size: 10 (min=1)
[ INFO ] - org.hibernate.dialect.Dialect:175 - HHH000400: Using dialect: org.hibernate.dialect.MySQL8Dialect
[ INFO ] - org.hibernate.orm.connections.access:48 - HHH10001501: Connection obtained from JdbcConnectionAccess [org.hibernate.engine.jdbc.env.internal.JdbcEnvironmentInitiator$ConnectionProviderJdbcConnectionAccess@7bac686b] for (non-JTA) DDL execution was not in auto-commit mode; the Connection 'local transaction' will be committed and the Connection will be set into auto-commit mode.
[ INFO ] - org.hibernate.orm.connections.access:48 - HHH10001501: Connection obtained from JdbcConnectionAccess [org.hibernate.engine.jdbc.env.internal.JdbcEnvironmentInitiator$ConnectionProviderJdbcConnectionAccess@60c73e58] for (non-JTA) DDL execution was not in auto-commit mode; the Connection 'local transaction' will be committed and the Connection will be set into auto-commit mode.
[ INFO ] - org.hibernate.engine.transaction.jta.platform.internal.JtaPlatformInitiator:52 - HHH000490: Using JtaPlatform implementation: [org.hibernate.engine.transaction.jta.platform.internal.NoJtaPlatform]
[ INFO ] - org.hibernate.jpa.internal.util.LogHelper:31 - HHH000204: Processing PersistenceUnitInfo [name: via]
[ INFO ] - org.hibernate.Version:44 - HHH000412: Hibernate ORM core version 5.6.7.Final
[ INFO ] - org.hibernate.annotations.common.Version:56 - HCANN000001: Hibernate Commons Annotations {5.1.2.Final}
[ WARN ] - org.hibernate.orm.connections.pooling:72 - HHH10001002: Using Hibernate built-in connection pool (not for production use!)
[ INFO ] - org.hibernate.orm.connections.pooling:115 - HHH10001005: using driver [com.mysql.cj.jdbc.Driver] at URL [jdbc:mysql://localhost:3306/webapp?createDatabaseIfNotExist=true]
[ INFO ] - org.hibernate.orm.connections.pooling:124 - HHH10001001: Connection properties: {password=****, user=root}
[ INFO ] - org.hibernate.orm.connections.pooling:129 - HHH10001003: Autocommit mode: false
[ INFO ] - org.hibernate.orm.connections.pooling:134 - HHH10001007: JDBC isolation level: READ_COMMITTED
[ INFO ] - org.hibernate.engine.jdbc.connections.internal.DriverManagerConnectionProviderImpl:274 - HHH000115: Hibernate connection pool size: 10 (min=1)
[ INFO ] - org.hibernate.dialect.Dialect:175 - HHH000400: Using dialect: org.hibernate.dialect.MySQL8Dialect
[ INFO ] - org.hibernate.orm.connections.access:48 - HHH10001501: Connection obtained from JdbcConnectionAccess [org.hibernate.engine.jdbc.env.internal.JdbcEnvironmentInitiator$ConnectionProviderJdbcConnectionAccess@7bac686b] for (non-JTA) DDL execution was not in auto-commit mode; the Connection 'local transaction' will be committed and the Connection will be set into auto-commit mode.
[ INFO ] - org.hibernate.orm.connections.access:48 - HHH10001501: Connection obtained from JdbcConnectionAccess [org.hibernate.engine.jdbc.env.internal.JdbcEnvironmentInitiator$ConnectionProviderJdbcConnectionAccess@60c73e58] for (non-JTA) DDL execution was not in auto-commit mode; the Connection 'local transaction' will be committed and the Connection will be set into auto-commit mode.
[ INFO ] - org.hibernate.engine.transaction.jta.platform.internal.JtaPlatformInitiator:52 - HHH000490: Using JtaPlatform implementation: [org.hibernate.engine.transaction.jta.platform.internal.NoJtaPlatform]
[ INFO ] - org.hibernate.jpa.internal.util.LogHelper:31 - HHH000204: Processing PersistenceUnitInfo [name: via]
[ INFO ] - org.hibernate.Version:44 - HHH000412: Hibernate ORM core version 5.6.7.Final
[ INFO ] - org.hibernate.annotations.common.Version:56 - HCANN000001: Hibernate Commons Annotations {5.1.2.Final}
[ WARN ] - org.hibernate.orm.connections.pooling:72 - HHH10001002: Using Hibernate built-in connection pool (not for production use!)
[ INFO ] - org.hibernate.orm.connections.pooling:115 - HHH10001005: using driver [com.mysql.cj.jdbc.Driver] at URL [jdbc:mysql://localhost:3306/webapp?createDatabaseIfNotExist=true]
[ INFO ] - org.hibernate.orm.connections.pooling:124 - HHH10001001: Connection properties: {password=****, user=root}
[ INFO ] - org.hibernate.orm.connections.pooling:129 - HHH10001003: Autocommit mode: false
[ INFO ] - org.hibernate.orm.connections.pooling:134 - HHH10001007: JDBC isolation level: READ_COMMITTED
[ INFO ] - org.hibernate.engine.jdbc.connections.internal.DriverManagerConnectionProviderImpl:274 - HHH000115: Hibernate connection pool size: 10 (min=1)
[ INFO ] - org.hibernate.dialect.Dialect:175 - HHH000400: Using dialect: org.hibernate.dialect.MySQL8Dialect
[ INFO ] - org.hibernate.orm.connections.access:48 - HHH10001501: Connection obtained from JdbcConnectionAccess [org.hibernate.engine.jdbc.env.internal.JdbcEnvironmentInitiator$ConnectionProviderJdbcConnectionAccess@7bac686b] for (non-JTA) DDL execution was not in auto-commit mode; the Connection 'local transaction' will be committed and the Connection will be set into auto-commit mode.
[ INFO ] - org.hibernate.orm.connections.access:48 - HHH10001501: Connection obtained from JdbcConnectionAccess [org.hibernate.engine.jdbc.env.internal.JdbcEnvironmentInitiator$ConnectionProviderJdbcConnectionAccess@60c73e58] for (non-JTA) DDL execution was not in auto-commit mode; the Connection 'local transaction' will be committed and the Connection will be set into auto-commit mode.
[ INFO ] - org.hibernate.engine.transaction.jta.platform.internal.JtaPlatformInitiator:52 - HHH000490: Using JtaPlatform implementation: [org.hibernate.engine.transaction.jta.platform.internal.NoJtaPlatform]
[ INFO ] - org.hibernate.jpa.internal.util.LogHelper:31 - HHH000204: Processing PersistenceUnitInfo [name: via]
[ INFO ] - org.hibernate.Version:44 - HHH000412: Hibernate ORM core version 5.6.7.Final
[ INFO ] - org.hibernate.annotations.common.Version:56 - HCANN000001: Hibernate Commons Annotations {5.1.2.Final}
[ WARN ] - org.hibernate.orm.connections.pooling:72 - HHH10001002: Using Hibernate built-in connection pool (not for production use!)
[ INFO ] - org.hibernate.orm.connections.pooling:115 - HHH10001005: using driver [com.mysql.cj.jdbc.Driver] at URL [jdbc:mysql://localhost:3306/webapp?createDatabaseIfNotExist=true]
[ INFO ] - org.hibernate.orm.connections.pooling:124 - HHH10001001: Connection properties: {password=****, user=root}
[ INFO ] - org.hibernate.orm.connections.pooling:129 - HHH10001003: Autocommit mode: false
[ INFO ] - org.hibernate.orm.connections.pooling:134 - HHH10001007: JDBC isolation level: READ_COMMITTED
[ INFO ] - org.hibernate.engine.jdbc.connections.internal.DriverManagerConnectionProviderImpl:274 - HHH000115: Hibernate connection pool size: 10 (min=1)
[ INFO ] - org.hibernate.dialect.Dialect:175 - HHH000400: Using dialect: org.hibernate.dialect.MySQL8Dialect
[ INFO ] - org.hibernate.orm.connections.access:48 - HHH10001501: Connection obtained from JdbcConnectionAccess [org.hibernate.engine.jdbc.env.internal.JdbcEnvironmentInitiator$ConnectionProviderJdbcConnectionAccess@31e2232f] for (non-JTA) DDL execution was not in auto-commit mode; the Connection 'local transaction' will be committed and the Connection will be set into auto-commit mode.
[ INFO ] - org.hibernate.orm.connections.access:48 - HHH10001501: Connection obtained from JdbcConnectionAccess [org.hibernate.engine.jdbc.env.internal.JdbcEnvironmentInitiator$ConnectionProviderJdbcConnectionAccess@1f67761b] for (non-JTA) DDL execution was not in auto-commit mode; the Connection 'local transaction' will be committed and the Connection will be set into auto-commit mode.
[ INFO ] - org.hibernate.engine.transaction.jta.platform.internal.JtaPlatformInitiator:52 - HHH000490: Using JtaPlatform implementation: [org.hibernate.engine.transaction.jta.platform.internal.NoJtaPlatform]
[ INFO ] - org.hibernate.jpa.internal.util.LogHelper:31 - HHH000204: Processing PersistenceUnitInfo [name: via]
[ INFO ] - org.hibernate.Version:44 - HHH000412: Hibernate ORM core version 5.6.7.Final
[ INFO ] - org.hibernate.annotations.common.Version:56 - HCANN000001: Hibernate Commons Annotations {5.1.2.Final}
[ WARN ] - org.hibernate.orm.connections.pooling:72 - HHH10001002: Using Hibernate built-in connection pool (not for production use!)
[ INFO ] - org.hibernate.orm.connections.pooling:115 - HHH10001005: using driver [com.mysql.cj.jdbc.Driver] at URL [jdbc:mysql://localhost:3306/webapp?createDatabaseIfNotExist=true]
[ INFO ] - org.hibernate.orm.connections.pooling:124 - HHH10001001: Connection properties: {password=****, user=root}
[ INFO ] - org.hibernate.orm.connections.pooling:129 - HHH10001003: Autocommit mode: false
[ INFO ] - org.hibernate.orm.connections.pooling:134 - HHH10001007: JDBC isolation level: READ_COMMITTED
[ INFO ] - org.hibernate.engine.jdbc.connections.internal.DriverManagerConnectionProviderImpl:274 - HHH000115: Hibernate connection pool size: 10 (min=1)
[ INFO ] - org.hibernate.dialect.Dialect:175 - HHH000400: Using dialect: org.hibernate.dialect.MySQL8Dialect
[ INFO ] - org.hibernate.orm.connections.access:48 - HHH10001501: Connection obtained from JdbcConnectionAccess [org.hibernate.engine.jdbc.env.internal.JdbcEnvironmentInitiator$ConnectionProviderJdbcConnectionAccess@17092fff] for (non-JTA) DDL execution was not in auto-commit mode; the Connection 'local transaction' will be committed and the Connection will be set into auto-commit mode.
[ INFO ] - org.hibernate.orm.connections.access:48 - HHH10001501: Connection obtained from JdbcConnectionAccess [org.hibernate.engine.jdbc.env.internal.JdbcEnvironmentInitiator$ConnectionProviderJdbcConnectionAccess@204abeff] for (non-JTA) DDL execution was not in auto-commit mode; the Connection 'local transaction' will be committed and the Connection will be set into auto-commit mode.
[ INFO ] - org.hibernate.engine.transaction.jta.platform.internal.JtaPlatformInitiator:52 - HHH000490: Using JtaPlatform implementation: [org.hibernate.engine.transaction.jta.platform.internal.NoJtaPlatform]
[ INFO ] - org.hibernate.jpa.internal.util.LogHelper:31 - HHH000204: Processing PersistenceUnitInfo [name: via]
[ INFO ] - org.hibernate.Version:44 - HHH000412: Hibernate ORM core version 5.6.7.Final
[ INFO ] - org.hibernate.annotations.common.Version:56 - HCANN000001: Hibernate Commons Annotations {5.1.2.Final}
[ WARN ] - org.hibernate.orm.connections.pooling:72 - HHH10001002: Using Hibernate built-in connection pool (not for production use!)
[ INFO ] - org.hibernate.orm.connections.pooling:115 - HHH10001005: using driver [com.mysql.cj.jdbc.Driver] at URL [jdbc:mysql://localhost:3306/webapp?createDatabaseIfNotExist=true]
[ INFO ] - org.hibernate.orm.connections.pooling:124 - HHH10001001: Connection properties: {password=****, user=root}
[ INFO ] - org.hibernate.orm.connections.pooling:129 - HHH10001003: Autocommit mode: false
[ INFO ] - org.hibernate.orm.connections.pooling:134 - HHH10001007: JDBC isolation level: READ_COMMITTED
[ INFO ] - org.hibernate.engine.jdbc.connections.internal.DriverManagerConnectionProviderImpl:274 - HHH000115: Hibernate connection pool size: 10 (min=1)
[ INFO ] - org.hibernate.dialect.Dialect:175 - HHH000400: Using dialect: org.hibernate.dialect.MySQL8Dialect
[ INFO ] - org.hibernate.orm.connections.access:48 - HHH10001501: Connection obtained from JdbcConnectionAccess [org.hibernate.engine.jdbc.env.internal.JdbcEnvironmentInitiator$ConnectionProviderJdbcConnectionAccess@17092fff] for (non-JTA) DDL execution was not in auto-commit mode; the Connection 'local transaction' will be committed and the Connection will be set into auto-commit mode.
[ INFO ] - org.hibernate.orm.connections.access:48 - HHH10001501: Connection obtained from JdbcConnectionAccess [org.hibernate.engine.jdbc.env.internal.JdbcEnvironmentInitiator$ConnectionProviderJdbcConnectionAccess@204abeff] for (non-JTA) DDL execution was not in auto-commit mode; the Connection 'local transaction' will be committed and the Connection will be set into auto-commit mode.
[ INFO ] - org.hibernate.engine.transaction.jta.platform.internal.JtaPlatformInitiator:52 - HHH000490: Using JtaPlatform implementation: [org.hibernate.engine.transaction.jta.platform.internal.NoJtaPlatform]
[ INFO ] - org.hibernate.jpa.internal.util.LogHelper:31 - HHH000204: Processing PersistenceUnitInfo [name: via]
[ INFO ] - org.hibernate.Version:44 - HHH000412: Hibernate ORM core version 5.6.7.Final
[ INFO ] - org.hibernate.annotations.common.Version:56 - HCANN000001: Hibernate Commons Annotations {5.1.2.Final}
[ WARN ] - org.hibernate.orm.connections.pooling:72 - HHH10001002: Using Hibernate built-in connection pool (not for production use!)
[ INFO ] - org.hibernate.orm.connections.pooling:115 - HHH10001005: using driver [com.mysql.cj.jdbc.Driver] at URL [jdbc:mysql://localhost:3306/webapp?createDatabaseIfNotExist=true]
[ INFO ] - org.hibernate.orm.connections.pooling:124 - HHH10001001: Connection properties: {password=****, user=root}
[ INFO ] - org.hibernate.orm.connections.pooling:129 - HHH10001003: Autocommit mode: false
[ INFO ] - org.hibernate.orm.connections.pooling:134 - HHH10001007: JDBC isolation level: READ_COMMITTED
[ INFO ] - org.hibernate.engine.jdbc.connections.internal.DriverManagerConnectionProviderImpl:274 - HHH000115: Hibernate connection pool size: 10 (min=1)
[ INFO ] - org.hibernate.dialect.Dialect:175 - HHH000400: Using dialect: org.hibernate.dialect.MySQL8Dialect
[ INFO ] - org.hibernate.orm.connections.access:48 - HHH10001501: Connection obtained from JdbcConnectionAccess [org.hibernate.engine.jdbc.env.internal.JdbcEnvironmentInitiator$ConnectionProviderJdbcConnectionAccess@1391af3b] for (non-JTA) DDL execution was not in auto-commit mode; the Connection 'local transaction' will be committed and the Connection will be set into auto-commit mode.
[ INFO ] - org.hibernate.engine.transaction.jta.platform.internal.JtaPlatformInitiator:52 - HHH000490: Using JtaPlatform implementation: [org.hibernate.engine.transaction.jta.platform.internal.NoJtaPlatform]
[ INFO ] - org.hibernate.jpa.internal.util.LogHelper:31 - HHH000204: Processing PersistenceUnitInfo [name: via]
[ INFO ] - org.hibernate.Version:44 - HHH000412: Hibernate ORM core version 5.6.7.Final
[ INFO ] - org.hibernate.annotations.common.Version:56 - HCANN000001: Hibernate Commons Annotations {5.1.2.Final}
[ WARN ] - org.hibernate.orm.connections.pooling:72 - HHH10001002: Using Hibernate built-in connection pool (not for production use!)
[ INFO ] - org.hibernate.orm.connections.pooling:115 - HHH10001005: using driver [com.mysql.cj.jdbc.Driver] at URL [jdbc:mysql://localhost:3306/webapp?createDatabaseIfNotExist=true]
[ INFO ] - org.hibernate.orm.connections.pooling:124 - HHH10001001: Connection properties: {password=****, user=root}
[ INFO ] - org.hibernate.orm.connections.pooling:129 - HHH10001003: Autocommit mode: false
[ INFO ] - org.hibernate.orm.connections.pooling:134 - HHH10001007: JDBC isolation level: READ_COMMITTED
[ INFO ] - org.hibernate.engine.jdbc.connections.internal.DriverManagerConnectionProviderImpl:274 - HHH000115: Hibernate connection pool size: 10 (min=1)
[ INFO ] - org.hibernate.dialect.Dialect:175 - HHH000400: Using dialect: org.hibernate.dialect.MySQL8Dialect
[ INFO ] - org.hibernate.orm.connections.access:48 - HHH10001501: Connection obtained from JdbcConnectionAccess [org.hibernate.engine.jdbc.env.internal.JdbcEnvironmentInitiator$ConnectionProviderJdbcConnectionAccess@59fbb34] for (non-JTA) DDL execution was not in auto-commit mode; the Connection 'local transaction' will be committed and the Connection will be set into auto-commit mode.
[ INFO ] - org.hibernate.engine.transaction.jta.platform.internal.JtaPlatformInitiator:52 - HHH000490: Using JtaPlatform implementation: [org.hibernate.engine.transaction.jta.platform.internal.NoJtaPlatform]
[ INFO ] - org.hibernate.jpa.internal.util.LogHelper:31 - HHH000204: Processing PersistenceUnitInfo [name: via]
[ INFO ] - org.hibernate.Version:44 - HHH000412: Hibernate ORM core version 5.6.7.Final
[ INFO ] - org.hibernate.annotations.common.Version:56 - HCANN000001: Hibernate Commons Annotations {5.1.2.Final}
[ WARN ] - org.hibernate.orm.connections.pooling:72 - HHH10001002: Using Hibernate built-in connection pool (not for production use!)
[ INFO ] - org.hibernate.orm.connections.pooling:115 - HHH10001005: using driver [com.mysql.cj.jdbc.Driver] at URL [jdbc:mysql://localhost:3306/webapp?createDatabaseIfNotExist=true]
[ INFO ] - org.hibernate.orm.connections.pooling:124 - HHH10001001: Connection properties: {password=****, user=root}
[ INFO ] - org.hibernate.orm.connections.pooling:129 - HHH10001003: Autocommit mode: false
[ INFO ] - org.hibernate.orm.connections.pooling:134 - HHH10001007: JDBC isolation level: READ_COMMITTED
[ INFO ] - org.hibernate.engine.jdbc.connections.internal.DriverManagerConnectionProviderImpl:274 - HHH000115: Hibernate connection pool size: 10 (min=1)
[ INFO ] - org.hibernate.dialect.Dialect:175 - HHH000400: Using dialect: org.hibernate.dialect.MySQL8Dialect
[ INFO ] - org.hibernate.orm.connections.access:48 - HHH10001501: Connection obtained from JdbcConnectionAccess [org.hibernate.engine.jdbc.env.internal.JdbcEnvironmentInitiator$ConnectionProviderJdbcConnectionAccess@7b61bf11] for (non-JTA) DDL execution was not in auto-commit mode; the Connection 'local transaction' will be committed and the Connection will be set into auto-commit mode.
[ INFO ] - org.hibernate.engine.transaction.jta.platform.internal.JtaPlatformInitiator:52 - HHH000490: Using JtaPlatform implementation: [org.hibernate.engine.transaction.jta.platform.internal.NoJtaPlatform]
[ INFO ] - org.hibernate.jpa.internal.util.LogHelper:31 - HHH000204: Processing PersistenceUnitInfo [name: via]
[ INFO ] - org.hibernate.Version:44 - HHH000412: Hibernate ORM core version 5.6.7.Final
[ INFO ] - org.hibernate.annotations.common.Version:56 - HCANN000001: Hibernate Commons Annotations {5.1.2.Final}
[ WARN ] - org.hibernate.orm.connections.pooling:72 - HHH10001002: Using Hibernate built-in connection pool (not for production use!)
[ INFO ] - org.hibernate.orm.connections.pooling:115 - HHH10001005: using driver [com.mysql.cj.jdbc.Driver] at URL [jdbc:mysql://localhost:3306/webapp?createDatabaseIfNotExist=true]
[ INFO ] - org.hibernate.orm.connections.pooling:124 - HHH10001001: Connection properties: {password=****, user=root}
[ INFO ] - org.hibernate.orm.connections.pooling:129 - HHH10001003: Autocommit mode: false
[ INFO ] - org.hibernate.orm.connections.pooling:134 - HHH10001007: JDBC isolation level: READ_COMMITTED
[ INFO ] - org.hibernate.engine.jdbc.connections.internal.DriverManagerConnectionProviderImpl:274 - HHH000115: Hibernate connection pool size: 10 (min=1)
[ WARN ] - org.hibernate.engine.jdbc.env.internal.JdbcEnvironmentInitiator:133 - HHH000342: Could not obtain connection to query metadata
java.lang.IllegalStateException: Cannot get a connection as the driver manager is not properly initialized
	at org.hibernate.engine.jdbc.connections.internal.DriverManagerConnectionProviderImpl.getConnection(DriverManagerConnectionProviderImpl.java:172)
	at org.hibernate.engine.jdbc.env.internal.JdbcEnvironmentInitiator$ConnectionProviderJdbcConnectionAccess.obtainConnection(JdbcEnvironmentInitiator.java:181)
	at org.hibernate.engine.jdbc.env.internal.JdbcEnvironmentInitiator.initiateService(JdbcEnvironmentInitiator.java:68)
	at org.hibernate.engine.jdbc.env.internal.JdbcEnvironmentInitiator.initiateService(JdbcEnvironmentInitiator.java:35)
	at org.hibernate.boot.registry.internal.StandardServiceRegistryImpl.initiateService(StandardServiceRegistryImpl.java:101)
	at org.hibernate.service.internal.AbstractServiceRegistryImpl.createService(AbstractServiceRegistryImpl.java:263)
	at org.hibernate.service.internal.AbstractServiceRegistryImpl.initializeService(AbstractServiceRegistryImpl.java:237)
	at org.hibernate.service.internal.AbstractServiceRegistryImpl.getService(AbstractServiceRegistryImpl.java:214)
	at org.hibernate.engine.jdbc.internal.JdbcServicesImpl.configure(JdbcServicesImpl.java:51)
	at org.hibernate.boot.registry.internal.StandardServiceRegistryImpl.configureService(StandardServiceRegistryImpl.java:107)
	at org.hibernate.service.internal.AbstractServiceRegistryImpl.initializeService(AbstractServiceRegistryImpl.java:246)
	at org.hibernate.service.internal.AbstractServiceRegistryImpl.getService(AbstractServiceRegistryImpl.java:214)
	at org.hibernate.engine.jdbc.connections.internal.BasicConnectionCreator.convertSqlException(BasicConnectionCreator.java:116)
	at org.hibernate.engine.jdbc.connections.internal.DriverConnectionCreator.makeConnection(DriverConnectionCreator.java:41)
	at org.hibernate.engine.jdbc.connections.internal.BasicConnectionCreator.createConnection(BasicConnectionCreator.java:58)
	at org.hibernate.engine.jdbc.connections.internal.DriverManagerConnectionProviderImpl$PooledConnections.addConnections(DriverManagerConnectionProviderImpl.java:409)
	at org.hibernate.engine.jdbc.connections.internal.DriverManagerConnectionProviderImpl$PooledConnections.<init>(DriverManagerConnectionProviderImpl.java:275)
	at org.hibernate.engine.jdbc.connections.internal.DriverManagerConnectionProviderImpl$PooledConnections.<init>(DriverManagerConnectionProviderImpl.java:249)
	at org.hibernate.engine.jdbc.connections.internal.DriverManagerConnectionProviderImpl$PooledConnections$Builder.build(DriverManagerConnectionProviderImpl.java:453)
	at org.hibernate.engine.jdbc.connections.internal.DriverManagerConnectionProviderImpl.buildPool(DriverManagerConnectionProviderImpl.java:98)
	at org.hibernate.engine.jdbc.connections.internal.DriverManagerConnectionProviderImpl.configure(DriverManagerConnectionProviderImpl.java:73)
	at org.hibernate.boot.registry.internal.StandardServiceRegistryImpl.configureService(StandardServiceRegistryImpl.java:107)
	at org.hibernate.service.internal.AbstractServiceRegistryImpl.initializeService(AbstractServiceRegistryImpl.java:246)
	at org.hibernate.service.internal.AbstractServiceRegistryImpl.getService(AbstractServiceRegistryImpl.java:214)
	at org.hibernate.engine.jdbc.env.internal.JdbcEnvironmentInitiator.buildJdbcConnectionAccess(JdbcEnvironmentInitiator.java:146)
	at org.hibernate.engine.jdbc.env.internal.JdbcEnvironmentInitiator.initiateService(JdbcEnvironmentInitiator.java:66)
	at org.hibernate.engine.jdbc.env.internal.JdbcEnvironmentInitiator.initiateService(JdbcEnvironmentInitiator.java:35)
	at org.hibernate.boot.registry.internal.StandardServiceRegistryImpl.initiateService(StandardServiceRegistryImpl.java:101)
	at org.hibernate.service.internal.AbstractServiceRegistryImpl.createService(AbstractServiceRegistryImpl.java:263)
	at org.hibernate.service.internal.AbstractServiceRegistryImpl.initializeService(AbstractServiceRegistryImpl.java:237)
	at org.hibernate.service.internal.AbstractServiceRegistryImpl.getService(AbstractServiceRegistryImpl.java:214)
	at org.hibernate.id.factory.internal.DefaultIdentifierGeneratorFactory.injectServices(DefaultIdentifierGeneratorFactory.java:175)
	at org.hibernate.service.internal.AbstractServiceRegistryImpl.injectDependencies(AbstractServiceRegistryImpl.java:286)
	at org.hibernate.service.internal.AbstractServiceRegistryImpl.initializeService(AbstractServiceRegistryImpl.java:243)
	at org.hibernate.service.internal.AbstractServiceRegistryImpl.getService(AbstractServiceRegistryImpl.java:214)
	at org.hibernate.boot.internal.InFlightMetadataCollectorImpl.<init>(InFlightMetadataCollectorImpl.java:173)
	at org.hibernate.boot.model.process.spi.MetadataBuildingProcess.complete(MetadataBuildingProcess.java:127)
	at org.hibernate.jpa.boot.internal.EntityManagerFactoryBuilderImpl.metadata(EntityManagerFactoryBuilderImpl.java:1460)
	at org.hibernate.jpa.boot.internal.EntityManagerFactoryBuilderImpl.build(EntityManagerFactoryBuilderImpl.java:1494)
	at org.hibernate.jpa.HibernatePersistenceProvider.createEntityManagerFactory(HibernatePersistenceProvider.java:56)
	at javax.persistence.Persistence.createEntityManagerFactory(Persistence.java:79)
	at javax.persistence.Persistence.createEntityManagerFactory(Persistence.java:54)
	at utils.hibernate.HibernateUtils.<clinit>(HibernateUtils.java:11)
	at DAO.classes.DAOImpl.<init>(DAOImpl.java:18)
	at DAO.classes.StudentDAOImpl.<init>(StudentDAOImpl.java:15)
	at Main.main(Main.java:13)
[ INFO ] - org.hibernate.jpa.internal.util.LogHelper:31 - HHH000204: Processing PersistenceUnitInfo [name: via]
[ INFO ] - org.hibernate.Version:44 - HHH000412: Hibernate ORM core version 5.6.7.Final
[ INFO ] - org.hibernate.annotations.common.Version:56 - HCANN000001: Hibernate Commons Annotations {5.1.2.Final}
[ WARN ] - org.hibernate.orm.connections.pooling:72 - HHH10001002: Using Hibernate built-in connection pool (not for production use!)
[ INFO ] - org.hibernate.orm.connections.pooling:115 - HHH10001005: using driver [com.mysql.cj.jdbc.Driver] at URL [jdbc:mysql://localhost:3306/webapp?createDatabaseIfNotExist=true]
[ INFO ] - org.hibernate.orm.connections.pooling:124 - HHH10001001: Connection properties: {password=****, user=root}
[ INFO ] - org.hibernate.orm.connections.pooling:129 - HHH10001003: Autocommit mode: false
[ INFO ] - org.hibernate.orm.connections.pooling:134 - HHH10001007: JDBC isolation level: READ_COMMITTED
[ INFO ] - org.hibernate.engine.jdbc.connections.internal.DriverManagerConnectionProviderImpl:274 - HHH000115: Hibernate connection pool size: 10 (min=1)
[ INFO ] - org.hibernate.dialect.Dialect:175 - HHH000400: Using dialect: org.hibernate.dialect.MySQL8Dialect
[ INFO ] - org.hibernate.orm.connections.pooling:502 - HHH10001008: Cleaning up connection pool [jdbc:mysql://localhost:3306/webapp?createDatabaseIfNotExist=true]
[ INFO ] - org.hibernate.jpa.internal.util.LogHelper:31 - HHH000204: Processing PersistenceUnitInfo [name: via]
[ INFO ] - org.hibernate.Version:44 - HHH000412: Hibernate ORM core version 5.6.7.Final
[ INFO ] - org.hibernate.annotations.common.Version:56 - HCANN000001: Hibernate Commons Annotations {5.1.2.Final}
[ WARN ] - org.hibernate.orm.connections.pooling:72 - HHH10001002: Using Hibernate built-in connection pool (not for production use!)
[ INFO ] - org.hibernate.orm.connections.pooling:115 - HHH10001005: using driver [com.mysql.cj.jdbc.Driver] at URL [jdbc:mysql://localhost:3306/webapp?createDatabaseIfNotExist=true]
[ INFO ] - org.hibernate.orm.connections.pooling:124 - HHH10001001: Connection properties: {password=****, user=root}
[ INFO ] - org.hibernate.orm.connections.pooling:129 - HHH10001003: Autocommit mode: false
[ INFO ] - org.hibernate.orm.connections.pooling:134 - HHH10001007: JDBC isolation level: READ_COMMITTED
[ INFO ] - org.hibernate.engine.jdbc.connections.internal.DriverManagerConnectionProviderImpl:274 - HHH000115: Hibernate connection pool size: 10 (min=1)
[ INFO ] - org.hibernate.dialect.Dialect:175 - HHH000400: Using dialect: org.hibernate.dialect.MySQL8Dialect
[ INFO ] - org.hibernate.orm.connections.access:48 - HHH10001501: Connection obtained from JdbcConnectionAccess [org.hibernate.engine.jdbc.env.internal.JdbcEnvironmentInitiator$ConnectionProviderJdbcConnectionAccess@4a44cfc0] for (non-JTA) DDL execution was not in auto-commit mode; the Connection 'local transaction' will be committed and the Connection will be set into auto-commit mode.
[ INFO ] - org.hibernate.engine.transaction.jta.platform.internal.JtaPlatformInitiator:52 - HHH000490: Using JtaPlatform implementation: [org.hibernate.engine.transaction.jta.platform.internal.NoJtaPlatform]
